SF:lib/repository/order_repository.dart
DA:36,0
DA:37,0
DA:38,0
DA:52,0
DA:54,0
DA:56,0
DA:58,0
DA:59,0
DA:61,0
DA:63,0
DA:64,0
DA:68,0
DA:72,0
DA:73,0
DA:76,0
DA:77,0
DA:78,0
DA:79,0
DA:80,0
DA:81,0
DA:82,0
DA:83,0
DA:84,0
DA:86,0
DA:87,0
DA:92,0
DA:96,0
DA:97,0
DA:99,0
DA:100,0
DA:102,0
DA:105,0
DA:106,0
DA:112,0
DA:117,0
DA:118,0
DA:119,0
DA:120,0
DA:123,0
DA:124,0
DA:125,0
DA:126,0
DA:127,0
DA:129,0
DA:130,0
DA:135,0
DA:136,0
DA:139,0
DA:141,0
DA:142,0
DA:143,0
DA:144,0
DA:145,0
DA:155,0
DA:157,0
DA:158,0
DA:159,0
DA:160,0
DA:161,0
DA:162,0
DA:165,0
DA:167,0
DA:168,0
DA:170,0
DA:171,0
DA:172,0
DA:173,0
DA:174,0
DA:176,0
DA:178,0
DA:181,0
DA:182,0
DA:184,0
DA:185,0
DA:186,0
DA:188,0
DA:189,0
DA:190,0
DA:191,0
DA:193,0
DA:196,0
DA:198,0
DA:201,0
DA:202,0
DA:203,0
DA:204,0
DA:210,0
DA:213,0
DA:214,0
DA:215,0
DA:217,0
DA:223,0
DA:224,0
DA:226,0
DA:227,0
DA:229,0
DA:230,0
DA:231,0
DA:232,0
DA:233,0
DA:238,0
DA:239,0
DA:240,0
DA:243,0
DA:244,0
DA:245,0
DA:248,0
DA:249,0
DA:252,0
DA:253,0
DA:254,0
DA:256,0
DA:257,0
DA:259,0
DA:260,0
DA:266,0
DA:267,0
DA:270,0
DA:271,0
DA:272,0
DA:274,0
DA:275,0
DA:278,0
DA:279,0
DA:281,0
DA:283,0
DA:285,0
DA:289,0
DA:291,0
DA:292,0
DA:293,0
DA:295,0
DA:299,0
DA:302,0
DA:303,0
DA:304,0
DA:306,0
LF:137
LH:0
end_of_record
SF:lib/repository/repository_components.dart
DA:50,0
DA:51,0
DA:52,0
DA:53,0
DA:54,0
DA:55,0
DA:56,0
DA:57,0
DA:58,0
DA:59,0
DA:60,0
DA:61,0
DA:62,0
DA:63,0
DA:64,0
DA:70,0
DA:115,0
DA:116,0
DA:122,0
DA:123,0
DA:126,0
DA:127,0
DA:130,0
DA:131,0
DA:132,0
DA:135,0
DA:136,0
DA:137,0
DA:140,0
DA:141,0
DA:144,0
DA:147,0
DA:148,0
DA:150,0
DA:153,0
DA:154,0
DA:168,0
DA:169,0
DA:170,0
DA:173,0
DA:174,0
DA:176,0
DA:177,0
DA:178,0
DA:180,0
DA:181,0
DA:182,0
DA:184,0
DA:185,0
DA:186,0
DA:188,0
DA:189,0
DA:190,0
DA:194,0
DA:196,0
DA:199,0
DA:200,0
DA:201,0
DA:204,0
DA:205,0
DA:206,0
DA:208,0
DA:209,0
DA:210,0
DA:213,0
DA:214,0
DA:215,0
DA:216,0
DA:219,0
DA:220,0
DA:221,0
DA:222,0
DA:223,0
DA:224,0
DA:227,0
DA:228,0
DA:229,0
DA:232,0
DA:233,0
DA:234,0
DA:235,0
DA:238,0
DA:239,0
DA:240,0
DA:241,0
DA:242,0
DA:245,0
DA:246,0
DA:247,0
DA:248,0
DA:249,0
DA:250,0
DA:253,0
DA:254,0
DA:255,0
DA:256,0
DA:257,0
DA:258,0
DA:259,0
DA:260,0
DA:261,0
DA:264,0
DA:265,0
DA:267,0
DA:268,0
DA:269,0
DA:270,0
DA:273,0
DA:274,0
DA:275,0
DA:277,0
DA:278,0
DA:279,0
DA:280,0
DA:281,0
DA:285,0
DA:286,0
DA:289,0
DA:291,0
DA:292,0
DA:293,0
DA:294,0
DA:295,0
DA:299,0
DA:300,0
DA:303,0
DA:305,0
DA:306,0
DA:307,0
DA:308,0
DA:312,0
DA:313,0
DA:316,0
DA:317,0
DA:318,0
DA:319,0
DA:320,0
DA:324,0
DA:325,0
DA:328,0
DA:329,0
DA:330,0
DA:331,0
DA:335,0
DA:336,0
DA:338,0
DA:339,0
DA:340,0
DA:341,0
DA:345,0
DA:346,0
DA:348,0
DA:350,0
DA:351,0
DA:352,0
DA:353,0
DA:354,0
DA:359,0
DA:360,0
DA:362,0
DA:363,0
DA:364,0
DA:365,0
DA:368,0
DA:369,0
DA:373,0
DA:374,0
DA:376,0
DA:380,0
DA:381,0
DA:382,0
DA:383,0
DA:386,0
DA:387,0
DA:390,0
DA:397,0
DA:400,0
DA:401,0
DA:402,0
DA:403,0
DA:404,0
DA:405,0
DA:407,0
DA:412,0
DA:413,0
DA:414,0
DA:417,0
DA:418,0
DA:419,0
DA:420,0
DA:422,0
DA:423,0
DA:424,0
DA:426,0
DA:429,0
DA:430,0
DA:431,0
DA:432,0
DA:434,0
DA:435,0
DA:437,0
DA:439,0
DA:443,0
DA:444,0
DA:445,0
DA:447,0
DA:448,0
DA:449,0
DA:450,0
DA:451,0
DA:452,0
DA:453,0
DA:455,0
DA:456,0
DA:459,0
DA:464,0
DA:465,0
DA:469,0
DA:470,0
DA:471,0
DA:473,0
DA:480,0
DA:481,0
DA:482,0
DA:483,0
DA:487,0
DA:488,0
DA:489,0
DA:494,0
DA:495,0
DA:496,0
DA:500,0
DA:501,0
DA:505,0
DA:507,0
DA:509,0
DA:510,0
DA:511,0
DA:512,0
DA:519,0
DA:522,0
DA:523,0
DA:524,0
DA:526,0
DA:527,0
DA:529,0
DA:530,0
DA:536,0
DA:540,0
DA:541,0
DA:542,0
DA:543,0
DA:549,0
DA:550,0
DA:552,0
DA:553,0
DA:556,0
DA:557,0
DA:560,0
DA:561,0
DA:563,0
DA:564,0
DA:567,0
DA:568,0
DA:571,0
DA:574,0
DA:575,0
DA:576,0
DA:578,0
LF:269
LH:0
end_of_record
SF:lib/repository/repository_customer.dart
DA:36,0
DA:37,0
DA:59,0
DA:60,0
DA:61,0
DA:62,0
DA:65,0
DA:66,0
DA:69,0
DA:70,0
DA:71,0
DA:72,0
DA:73,0
DA:75,0
DA:76,0
DA:78,0
DA:80,0
DA:82,0
DA:84,0
DA:85,0
DA:86,0
DA:88,0
DA:91,0
DA:93,0
DA:95,0
DA:96,0
DA:97,0
DA:101,0
DA:106,0
DA:108,0
DA:109,0
DA:110,0
DA:114,0
DA:116,0
DA:117,0
DA:118,0
DA:121,0
DA:122,0
DA:123,0
DA:124,0
DA:128,0
DA:129,0
DA:130,0
DA:131,0
DA:132,0
DA:133,0
DA:134,0
DA:143,0
DA:144,0
DA:145,0
DA:166,0
DA:167,0
DA:170,0
DA:171,0
DA:172,0
DA:174,0
DA:177,0
DA:178,0
DA:179,0
DA:180,0
DA:181,0
DA:182,0
DA:183,0
DA:186,0
DA:188,0
DA:190,0
DA:191,0
DA:192,0
DA:198,0
DA:199,0
DA:217,0
DA:218,0
DA:219,0
DA:221,0
DA:222,0
DA:223,0
DA:225,0
DA:231,0
DA:233,0
DA:234,0
DA:235,0
DA:237,0
DA:238,0
DA:239,0
DA:245,0
DA:246,0
DA:247,0
DA:248,0
DA:249,0
DA:250,0
DA:251,0
DA:254,0
DA:256,0
DA:258,0
DA:259,0
DA:260,0
DA:266,0
DA:267,0
DA:280,0
DA:281,0
DA:282,0
DA:283,0
DA:284,0
DA:285,0
DA:286,0
DA:288,0
DA:291,0
DA:292,0
DA:293,0
DA:295,0
DA:298,0
DA:300,0
DA:302,0
DA:308,0
DA:310,0
DA:311,0
DA:312,0
DA:313,0
DA:314,0
DA:319,0
DA:320,0
DA:325,0
DA:326,0
DA:327,0
DA:328,0
DA:329,0
DA:331,0
DA:332,0
DA:333,0
DA:335,0
DA:338,0
DA:340,0
DA:342,0
DA:347,0
DA:348,0
DA:349,0
DA:350,0
DA:351,0
DA:352,0
DA:353,0
DA:356,0
DA:357,0
DA:358,0
DA:359,0
DA:360,0
DA:366,0
DA:367,0
DA:371,0
DA:372,0
DA:373,0
DA:375,0
DA:376,0
DA:377,0
DA:378,0
DA:379,0
DA:381,0
DA:387,0
DA:389,0
DA:390,0
DA:391,0
DA:395,0
DA:397,0
DA:400,0
DA:401,0
DA:406,0
DA:408,0
DA:409,0
DA:410,0
DA:411,0
DA:412,0
DA:413,0
DA:414,0
DA:415,0
DA:416,0
DA:418,0
DA:423,0
DA:425,0
DA:426,0
DA:427,0
DA:428,0
DA:429,0
DA:431,0
DA:434,0
DA:435,0
DA:436,0
DA:437,0
DA:438,0
DA:439,0
DA:440,0
DA:443,0
DA:444,0
DA:445,0
DA:446,0
DA:447,0
DA:453,0
DA:454,0
DA:473,0
DA:474,0
DA:475,0
DA:477,0
DA:478,0
DA:480,0
DA:482,0
DA:488,0
DA:490,0
DA:491,0
DA:492,0
DA:493,0
DA:494,0
DA:496,0
DA:497,0
DA:500,0
DA:501,0
DA:502,0
DA:504,0
DA:505,0
DA:506,0
DA:510,0
DA:512,0
DA:513,0
DA:514,0
DA:515,0
DA:516,0
DA:517,0
DA:519,0
DA:520,0
DA:522,0
DA:523,0
DA:525,0
DA:529,0
DA:530,0
LF:231
LH:0
end_of_record
SF:lib/repository/repository_notification.dart
DA:41,0
DA:46,0
DA:47,0
DA:48,0
DA:49,0
DA:52,0
DA:53,0
DA:54,0
DA:55,0
DA:59,0
DA:60,0
DA:64,0
DA:65,0
DA:66,0
DA:67,0
DA:70,0
DA:72,0
DA:73,0
DA:74,0
DA:75,0
DA:77,0
DA:79,0
DA:80,0
DA:82,0
DA:84,0
DA:85,0
DA:87,0
DA:88,0
DA:89,0
DA:91,0
DA:94,0
DA:97,0
DA:100,0
DA:101,0
DA:102,0
DA:103,0
DA:104,0
DA:106,0
DA:111,0
DA:112,0
DA:113,0
DA:116,0
DA:120,0
DA:122,0
DA:123,0
DA:125,0
DA:129,0
DA:130,0
DA:131,0
DA:132,0
DA:135,0
DA:139,0
DA:140,0
DA:141,0
DA:142,0
DA:143,0
DA:144,0
DA:148,0
DA:149,0
DA:150,0
DA:151,0
DA:155,0
DA:156,0
DA:157,0
DA:158,0
DA:159,0
DA:160,0
DA:163,0
DA:164,0
DA:165,0
DA:166,0
DA:168,0
DA:169,0
DA:170,0
DA:174,0
DA:175,0
DA:176,0
DA:177,0
DA:178,0
DA:179,0
DA:180,0
DA:186,0
DA:187,0
DA:188,0
DA:189,0
DA:190,0
DA:191,0
DA:192,0
DA:193,0
DA:194,0
DA:195,0
DA:196,0
DA:197,0
DA:198,0
DA:199,0
DA:200,0
DA:203,0
DA:206,0
DA:207,0
DA:209,0
DA:210,0
DA:211,0
LF:102
LH:0
end_of_record
SF:lib/repository/repository_retailer.dart
DA:68,0
DA:69,0
DA:70,0
DA:71,0
DA:72,0
DA:73,0
DA:74,0
DA:75,0
DA:76,0
DA:77,0
DA:78,0
DA:79,0
DA:80,0
DA:81,0
DA:82,0
DA:83,0
DA:145,0
DA:146,0
DA:147,0
DA:148,0
DA:149,0
DA:150,0
DA:151,0
DA:154,0
DA:155,0
DA:156,0
DA:157,0
DA:160,0
DA:161,0
DA:162,0
DA:164,0
DA:165,0
DA:166,0
DA:167,0
DA:168,0
DA:169,0
DA:172,0
DA:174,0
DA:175,0
DA:176,0
DA:177,0
DA:178,0
DA:179,0
DA:183,0
DA:184,0
DA:186,0
DA:187,0
DA:188,0
DA:189,0
DA:190,0
DA:191,0
DA:194,0
DA:195,0
DA:197,0
DA:198,0
DA:201,0
DA:204,0
DA:206,0
DA:207,0
DA:209,0
DA:210,0
DA:212,0
DA:213,0
DA:215,0
DA:216,0
DA:219,0
DA:222,0
DA:223,0
DA:225,0
DA:226,0
DA:230,0
DA:231,0
DA:232,0
DA:235,0
DA:238,0
DA:239,0
DA:240,0
DA:243,0
DA:245,0
DA:246,0
DA:247,0
DA:248,0
DA:249,0
DA:250,0
DA:251,0
DA:252,0
DA:255,0
DA:257,0
DA:258,0
DA:259,0
DA:263,0
DA:264,0
DA:265,0
DA:268,0
DA:269,0
DA:270,0
DA:272,0
DA:274,0
DA:278,0
DA:282,0
DA:283,0
DA:284,0
DA:285,0
DA:289,0
DA:291,0
DA:292,0
DA:294,0
DA:296,0
DA:299,0
DA:302,0
DA:304,0
DA:305,0
DA:306,0
DA:307,0
DA:310,0
DA:311,0
DA:312,0
DA:315,0
DA:318,0
DA:319,0
DA:320,0
DA:321,0
DA:322,0
DA:323,0
DA:324,0
DA:325,0
DA:328,0
DA:333,0
DA:335,0
DA:336,0
DA:337,0
DA:338,0
DA:339,0
DA:341,0
DA:342,0
DA:346,0
DA:348,0
DA:349,0
DA:351,0
DA:352,0
DA:354,0
DA:355,0
DA:357,0
DA:358,0
DA:359,0
DA:360,0
DA:361,0
DA:362,0
DA:363,0
DA:366,0
DA:367,0
DA:372,0
DA:373,0
DA:374,0
DA:377,0
DA:379,0
DA:380,0
DA:382,0
DA:384,0
DA:387,0
DA:390,0
DA:392,0
DA:393,0
DA:394,0
DA:395,0
DA:396,0
DA:398,0
DA:399,0
DA:402,0
DA:404,0
DA:405,0
DA:406,0
DA:407,0
DA:408,0
DA:414,0
DA:416,0
DA:417,0
DA:418,0
DA:420,0
DA:425,0
DA:427,0
DA:428,0
DA:430,0
DA:431,0
DA:434,0
DA:435,0
DA:438,0
DA:441,0
DA:443,0
DA:444,0
DA:447,0
DA:448,0
DA:449,0
DA:450,0
DA:452,0
DA:453,0
DA:455,0
DA:456,0
DA:457,0
DA:461,0
DA:464,0
DA:466,0
DA:467,0
DA:469,0
DA:470,0
DA:473,0
DA:474,0
DA:475,0
DA:478,0
DA:481,0
DA:483,0
DA:484,0
DA:485,0
DA:486,0
DA:487,0
DA:488,0
DA:493,0
DA:495,0
DA:496,0
DA:498,0
DA:499,0
DA:502,0
DA:503,0
DA:506,0
DA:509,0
DA:512,0
DA:514,0
DA:515,0
DA:517,0
DA:518,0
DA:521,0
DA:522,0
DA:523,0
DA:526,0
DA:529,0
DA:532,0
DA:533,0
DA:534,0
DA:536,0
DA:538,0
DA:539,0
DA:540,0
DA:541,0
DA:544,0
DA:545,0
DA:546,0
DA:547,0
DA:550,0
DA:551,0
DA:552,0
DA:553,0
DA:554,0
DA:555,0
DA:556,0
DA:561,0
DA:562,0
DA:563,0
DA:564,0
DA:565,0
DA:566,0
DA:567,0
DA:568,0
DA:569,0
DA:572,0
DA:575,0
DA:578,0
DA:579,0
DA:580,0
DA:581,0
DA:583,0
DA:584,0
DA:589,0
DA:590,0
DA:591,0
DA:592,0
DA:594,0
DA:599,0
DA:601,0
DA:602,0
DA:603,0
DA:607,0
DA:608,0
DA:609,0
DA:614,0
DA:615,0
DA:616,0
DA:617,0
DA:619,0
DA:620,0
DA:622,0
DA:625,0
DA:628,0
DA:629,0
DA:630,0
DA:632,0
DA:633,0
DA:634,0
DA:635,0
DA:636,0
DA:639,0
DA:640,0
DA:643,0
DA:644,0
DA:645,0
DA:646,0
DA:647,0
DA:652,0
DA:653,0
DA:654,0
DA:655,0
DA:656,0
DA:657,0
DA:658,0
DA:659,0
DA:660,0
DA:663,0
DA:666,0
DA:668,0
DA:669,0
DA:670,0
DA:674,0
DA:675,0
DA:679,0
DA:681,0
DA:682,0
DA:683,0
DA:687,0
DA:688,0
DA:689,0
DA:694,0
DA:695,0
DA:696,0
DA:697,0
DA:698,0
DA:699,0
DA:701,0
DA:704,0
DA:706,0
DA:707,0
DA:708,0
DA:709,0
DA:711,0
DA:712,0
DA:716,0
DA:717,0
DA:718,0
DA:719,0
DA:720,0
DA:721,0
DA:722,0
DA:723,0
DA:724,0
DA:725,0
DA:726,0
DA:730,0
DA:733,0
DA:738,0
DA:740,0
DA:741,0
DA:742,0
DA:743,0
DA:745,0
DA:746,0
DA:750,0
DA:751,0
DA:752,0
DA:753,0
DA:754,0
DA:755,0
DA:756,0
DA:757,0
DA:758,0
DA:759,0
DA:760,0
DA:764,0
DA:767,0
DA:772,0
DA:773,0
DA:774,0
DA:775,0
DA:776,0
DA:777,0
DA:780,0
DA:781,0
DA:785,0
DA:787,0
DA:789,0
DA:790,0
DA:791,0
DA:792,0
DA:793,0
DA:794,0
DA:795,0
DA:796,0
DA:797,0
DA:798,0
DA:800,0
DA:802,0
DA:803,0
DA:805,0
DA:806,0
DA:810,0
DA:811,0
DA:812,0
DA:813,0
DA:814,0
DA:815,0
DA:816,0
DA:817,0
DA:818,0
DA:821,0
DA:822,0
DA:826,0
DA:828,0
DA:831,0
DA:832,0
DA:833,0
DA:834,0
DA:835,0
DA:836,0
DA:837,0
DA:839,0
DA:840,0
DA:841,0
DA:843,0
DA:844,0
DA:846,0
DA:847,0
DA:851,0
DA:853,0
DA:857,0
DA:859,0
DA:863,0
DA:865,0
DA:869,0
DA:870,0
DA:874,0
DA:875,0
DA:876,0
DA:877,0
DA:878,0
DA:879,0
DA:881,0
DA:883,0
DA:888,0
DA:895,0
DA:899,0
DA:901,0
DA:902,0
DA:903,0
DA:904,0
DA:905,0
DA:906,0
DA:908,0
DA:909,0
DA:910,0
DA:911,0
DA:912,0
DA:913,0
DA:914,0
DA:916,0
DA:917,0
DA:918,0
DA:919,0
DA:920,0
DA:921,0
DA:925,0
DA:927,0
DA:928,0
DA:932,0
DA:934,0
DA:935,0
DA:939,0
DA:941,0
DA:942,0
DA:946,0
DA:947,0
DA:948,0
DA:952,0
DA:953,0
DA:954,0
DA:955,0
DA:958,0
DA:959,0
DA:960,0
DA:966,0
DA:968,0
DA:969,0
DA:971,0
DA:972,0
DA:973,0
DA:975,0
DA:976,0
DA:977,0
DA:978,0
DA:979,0
DA:980,0
DA:981,0
DA:982,0
DA:983,0
DA:988,0
DA:993,0
DA:996,0
DA:997,0
DA:1001,0
DA:1002,0
DA:1005,0
DA:1006,0
DA:1008,0
DA:1013,0
DA:1015,0
DA:1017,0
DA:1018,0
DA:1019,0
DA:1024,0
DA:1025,0
DA:1026,0
DA:1027,0
DA:1028,0
DA:1029,0
DA:1034,0
DA:1035,0
DA:1038,0
DA:1039,0
DA:1041,0
DA:1042,0
DA:1044,0
DA:1045,0
DA:1046,0
DA:1049,0
DA:1052,0
DA:1053,0
DA:1054,0
DA:1057,0
DA:1058,0
DA:1059,0
DA:1060,0
DA:1064,0
DA:1065,0
DA:1066,0
DA:1069,0
DA:1070,0
DA:1071,0
DA:1072,0
DA:1073,0
DA:1074,0
DA:1075,0
DA:1076,0
DA:1077,0
DA:1078,0
DA:1079,0
DA:1084,0
DA:1085,0
DA:1087,0
DA:1088,0
DA:1090,0
DA:1096,0
DA:1097,0
DA:1109,0
DA:1110,0
DA:1111,0
DA:1114,0
DA:1117,0
DA:1118,0
DA:1119,0
DA:1120,0
DA:1121,0
DA:1122,0
DA:1123,0
DA:1126,0
DA:1128,0
DA:1130,0
DA:1131,0
DA:1132,0
DA:1137,0
DA:1138,0
DA:1139,0
DA:1140,0
DA:1141,0
DA:1142,0
DA:1143,0
DA:1146,0
DA:1148,0
DA:1150,0
DA:1151,0
DA:1152,0
DA:1157,0
DA:1158,0
DA:1159,0
DA:1162,0
DA:1163,0
DA:1164,0
DA:1167,0
DA:1168,0
DA:1169,0
DA:1170,0
DA:1171,0
DA:1172,0
DA:1177,0
DA:1178,0
DA:1180,0
DA:1181,0
DA:1182,0
DA:1184,0
DA:1187,0
DA:1188,0
DA:1189,0
DA:1192,0
DA:1193,0
DA:1194,0
DA:1196,0
DA:1199,0
DA:1201,0
DA:1202,0
DA:1203,0
DA:1206,0
DA:1209,0
DA:1210,0
DA:1211,0
DA:1213,0
DA:1214,0
DA:1215,0
DA:1219,0
DA:1220,0
DA:1223,0
DA:1224,0
DA:1228,0
DA:1229,0
DA:1231,0
DA:1232,0
DA:1234,0
DA:1235,0
DA:1236,0
DA:1237,0
DA:1238,0
DA:1242,0
DA:1246,0
DA:1247,0
DA:1250,0
DA:1251,0
DA:1255,0
DA:1257,0
DA:1258,0
DA:1259,0
DA:1260,0
DA:1261,0
DA:1265,0
DA:1269,0
DA:1270,0
DA:1273,0
DA:1274,0
DA:1275,0
DA:1276,0
DA:1277,0
DA:1279,0
DA:1282,0
DA:1283,0
DA:1300,0
DA:1302,0
DA:1303,0
DA:1305,0
DA:1306,0
DA:1307,0
DA:1308,0
DA:1309,0
DA:1311,0
DA:1312,0
DA:1314,0
DA:1315,0
DA:1316,0
DA:1318,0
DA:1321,0
DA:1323,0
DA:1325,0
DA:1327,0
DA:1328,0
DA:1335,0
DA:1337,0
DA:1338,0
DA:1339,0
DA:1341,0
DA:1343,0
DA:1344,0
DA:1345,0
DA:1347,0
DA:1348,0
DA:1350,0
DA:1351,0
DA:1352,0
DA:1354,0
DA:1357,0
DA:1360,0
DA:1362,0
DA:1366,0
DA:1367,0
DA:1368,0
DA:1369,0
DA:1370,0
DA:1372,0
DA:1376,0
DA:1377,0
DA:1380,0
DA:1381,0
DA:1383,0
DA:1384,0
DA:1387,0
DA:1390,0
DA:1394,0
DA:1395,0
DA:1396,0
DA:1397,0
DA:1398,0
DA:1399,0
DA:1400,0
DA:1403,0
DA:1404,0
DA:1405,0
DA:1406,0
DA:1407,0
DA:1417,0
DA:1418,0
DA:1421,0
DA:1423,0
DA:1424,0
DA:1425,0
DA:1426,0
DA:1428,0
DA:1429,0
DA:1432,0
DA:1435,0
DA:1436,0
DA:1438,0
DA:1442,0
DA:1443,0
DA:1444,0
DA:1448,0
DA:1449,0
DA:1450,0
DA:1451,0
DA:1453,0
DA:1454,0
DA:1455,0
DA:1456,0
DA:1460,0
DA:1461,0
DA:1467,0
DA:1468,0
DA:1469,0
DA:1470,0
DA:1471,0
DA:1472,0
DA:1473,0
DA:1476,0
DA:1478,0
DA:1480,0
DA:1481,0
DA:1482,0
DA:1489,0
DA:1490,0
DA:1493,0
DA:1494,0
DA:1496,0
DA:1497,0
DA:1498,0
DA:1500,0
DA:1501,0
DA:1511,0
DA:1512,0
DA:1515,0
DA:1516,0
DA:1517,0
DA:1518,0
DA:1520,0
DA:1521,0
DA:1522,0
DA:1523,0
DA:1524,0
DA:1526,0
DA:1527,0
DA:1529,0
DA:1530,0
DA:1531,0
DA:1533,0
DA:1536,0
DA:1539,0
DA:1540,0
DA:1546,0
DA:1547,0
DA:1550,0
DA:1551,0
DA:1552,0
DA:1553,0
DA:1554,0
DA:1556,0
DA:1563,0
DA:1564,0
DA:1566,0
DA:1567,0
DA:1569,0
DA:1570,0
DA:1572,0
DA:1573,0
DA:1578,0
DA:1580,0
DA:1584,0
DA:1587,0
DA:1589,0
DA:1590,0
DA:1591,0
DA:1592,0
DA:1593,0
DA:1594,0
DA:1596,0
DA:1597,0
DA:1598,0
DA:1600,0
DA:1602,0
DA:1603,0
DA:1608,0
DA:1609,0
DA:1616,0
DA:1617,0
DA:1620,0
DA:1621,0
DA:1623,0
DA:1624,0
DA:1625,0
DA:1627,0
DA:1628,0
DA:1629,0
DA:1631,0
DA:1632,0
DA:1637,0
DA:1640,0
DA:1641,0
DA:1643,0
DA:1646,0
DA:1651,0
DA:1653,0
DA:1654,0
DA:1655,0
DA:1656,0
LF:842
LH:0
end_of_record
SF:lib/repository/repository_sales.dart
DA:60,0
DA:71,0
DA:72,0
DA:73,0
DA:74,0
DA:75,0
DA:76,0
DA:77,0
DA:81,0
DA:82,0
DA:83,0
DA:86,0
DA:87,0
DA:88,0
DA:89,0
DA:90,0
DA:91,0
DA:92,0
DA:93,0
DA:94,0
DA:95,0
DA:98,0
DA:103,0
DA:105,0
DA:107,0
DA:108,0
DA:109,0
DA:110,0
DA:111,0
DA:113,0
DA:114,0
DA:115,0
DA:118,0
DA:119,0
DA:120,0
DA:121,0
DA:122,0
DA:124,0
DA:125,0
DA:130,0
DA:135,0
DA:140,0
DA:142,0
DA:145,0
DA:150,0
DA:151,0
DA:154,0
DA:157,0
DA:158,0
DA:159,0
DA:160,0
DA:161,0
DA:163,0
DA:166,0
DA:169,0
DA:171,0
DA:172,0
DA:173,0
DA:175,0
DA:177,0
DA:178,0
DA:179,0
DA:180,0
DA:181,0
DA:183,0
DA:184,0
DA:187,0
DA:188,0
DA:191,0
DA:193,0
DA:194,0
DA:196,0
DA:198,0
DA:199,0
DA:200,0
DA:205,0
DA:208,0
DA:209,0
DA:210,0
DA:211,0
DA:214,0
DA:219,0
DA:220,0
DA:221,0
DA:222,0
DA:225,0
DA:226,0
DA:229,0
DA:230,0
DA:231,0
DA:233,0
DA:235,0
DA:238,0
DA:240,0
DA:241,0
DA:242,0
DA:244,0
DA:249,0
DA:250,0
DA:251,0
DA:253,0
DA:254,0
DA:255,0
DA:257,0
DA:258,0
DA:259,0
DA:263,0
DA:264,0
DA:274,0
DA:275,0
DA:277,0
DA:278,0
DA:279,0
DA:280,0
DA:281,0
DA:283,0
DA:285,0
DA:288,0
DA:289,0
DA:290,0
DA:291,0
DA:292,0
DA:293,0
DA:294,0
DA:296,0
DA:298,0
DA:299,0
DA:301,0
DA:302,0
DA:307,0
DA:308,0
DA:309,0
DA:310,0
DA:311,0
DA:314,0
DA:315,0
DA:317,0
DA:319,0
DA:320,0
DA:322,0
DA:324,0
DA:325,0
DA:326,0
DA:327,0
DA:328,0
DA:329,0
DA:330,0
DA:331,0
DA:332,0
DA:334,0
DA:335,0
DA:336,0
DA:337,0
DA:342,0
DA:343,0
DA:344,0
DA:345,0
DA:346,0
DA:348,0
DA:349,0
DA:350,0
DA:351,0
DA:352,0
DA:355,0
DA:356,0
DA:357,0
DA:358,0
DA:359,0
DA:361,0
DA:362,0
DA:363,0
DA:364,0
DA:365,0
DA:366,0
DA:368,0
DA:372,0
DA:373,0
DA:374,0
DA:375,0
DA:376,0
DA:377,0
DA:378,0
DA:381,0
DA:382,0
DA:383,0
DA:384,0
DA:385,0
DA:390,0
DA:391,0
DA:394,0
DA:398,0
DA:401,0
DA:402,0
DA:406,0
DA:411,0
DA:413,0
DA:415,0
DA:417,0
DA:426,0
DA:427,0
DA:428,0
DA:429,0
DA:431,0
DA:432,0
DA:433,0
DA:437,0
DA:439,0
DA:444,0
DA:446,0
DA:447,0
DA:449,0
DA:450,0
DA:453,0
DA:459,0
DA:460,0
DA:462,0
DA:463,0
DA:464,0
DA:468,0
DA:469,0
DA:471,0
DA:473,0
DA:474,0
DA:476,0
DA:477,0
DA:478,0
DA:482,0
DA:489,0
DA:490,0
DA:492,0
DA:493,0
DA:495,0
DA:496,0
DA:497,0
DA:501,0
DA:502,0
DA:503,0
DA:508,0
DA:511,0
DA:514,0
DA:516,0
DA:517,0
DA:518,0
DA:519,0
DA:520,0
DA:521,0
DA:522,0
DA:525,0
DA:527,0
DA:528,0
DA:529,0
DA:530,0
DA:531,0
DA:532,0
DA:534,0
DA:535,0
DA:536,0
DA:537,0
DA:538,0
DA:539,0
DA:541,0
DA:542,0
DA:543,0
DA:544,0
DA:545,0
DA:549,0
DA:552,0
DA:554,0
DA:559,0
DA:561,0
DA:562,0
DA:563,0
DA:564,0
DA:565,0
DA:566,0
DA:567,0
DA:568,0
DA:571,0
DA:572,0
DA:573,0
DA:574,0
DA:575,0
DA:576,0
DA:578,0
DA:581,0
DA:584,0
DA:585,0
DA:588,0
DA:593,0
DA:595,0
DA:599,0
DA:600,0
DA:601,0
DA:602,0
DA:603,0
DA:604,0
DA:605,0
DA:606,0
DA:607,0
DA:608,0
DA:609,0
DA:610,0
DA:613,0
DA:614,0
DA:616,0
DA:618,0
DA:619,0
DA:622,0
DA:623,0
DA:629,0
DA:632,0
DA:634,0
DA:638,0
DA:639,0
DA:642,0
DA:646,0
DA:648,0
DA:652,0
DA:654,0
DA:657,0
DA:659,0
DA:662,0
DA:663,0
DA:664,0
DA:665,0
DA:666,0
DA:667,0
DA:668,0
DA:669,0
DA:670,0
DA:671,0
DA:672,0
DA:676,0
DA:677,0
DA:678,0
DA:679,0
DA:684,0
DA:685,0
DA:689,0
DA:692,0
DA:693,0
DA:700,0
DA:701,0
DA:702,0
DA:704,0
DA:706,0
DA:710,0
DA:711,0
DA:713,0
DA:715,0
DA:717,0
DA:721,0
DA:722,0
DA:731,0
DA:732,0
DA:735,0
DA:736,0
DA:737,0
DA:738,0
DA:740,0
DA:742,0
DA:743,0
DA:754,0
DA:755,0
DA:756,0
DA:757,0
DA:758,0
DA:759,0
DA:760,0
DA:762,0
DA:763,0
DA:764,0
DA:769,0
DA:770,0
DA:771,0
DA:772,0
DA:773,0
DA:774,0
DA:775,0
DA:776,0
DA:782,0
DA:783,0
DA:784,0
DA:785,0
DA:786,0
DA:787,0
DA:788,0
DA:789,0
DA:790,0
DA:791,0
DA:792,0
DA:793,0
DA:794,0
DA:797,0
DA:801,0
DA:802,0
DA:804,0
DA:805,0
DA:806,0
DA:807,0
DA:809,0
DA:810,0
DA:811,0
DA:812,0
DA:813,0
DA:814,0
DA:816,0
DA:822,0
DA:824,0
DA:825,0
DA:826,0
DA:827,0
DA:828,0
DA:831,0
DA:832,0
DA:833,0
DA:840,0
DA:841,0
DA:842,0
DA:843,0
DA:846,0
DA:847,0
DA:848,0
DA:850,0
DA:851,0
DA:852,0
DA:854,0
DA:855,0
DA:857,0
DA:859,0
DA:860,0
DA:862,0
DA:864,0
DA:866,0
DA:867,0
DA:876,0
LF:436
LH:0
end_of_record
SF:lib/repository/repository_website_sale.dart
DA:23,0
DA:25,0
DA:26,0
DA:27,0
DA:28,0
DA:29,0
DA:30,0
DA:31,0
DA:34,0
DA:36,0
DA:37,0
DA:38,0
DA:39,0
DA:42,0
DA:44,0
DA:45,0
DA:47,0
DA:49,0
DA:52,0
DA:55,0
DA:56,0
DA:57,0
DA:58,0
DA:59,0
DA:65,0
LF:25
LH:0
end_of_record
SF:lib/repository/repository_website_settings.dart
DA:24,0
DA:27,0
DA:29,0
DA:31,0
DA:38,0
DA:40,0
DA:41,0
DA:43,0
DA:44,0
DA:45,0
DA:47,0
DA:51,0
DA:53,0
DA:54,0
DA:55,0
DA:56,0
DA:57,0
DA:58,0
DA:59,0
DA:63,0
DA:64,0
DA:65,0
DA:68,0
DA:69,0
DA:70,0
DA:71,0
DA:74,0
DA:75,0
DA:76,0
DA:77,0
DA:80,0
DA:81,0
DA:82,0
DA:83,0
DA:86,0
DA:87,0
DA:89,0
DA:90,0
DA:93,0
DA:94,0
DA:95,0
DA:96,0
DA:97,0
LF:43
LH:0
end_of_record
SF:lib/repository/repository_website_statements.dart
DA:23,0
DA:24,0
DA:29,0
DA:48,0
DA:50,0
DA:51,0
DA:52,0
DA:55,0
DA:56,0
DA:57,0
DA:59,0
DA:62,0
DA:63,0
DA:65,0
DA:66,0
DA:67,0
DA:68,0
DA:69,0
DA:70,0
DA:73,0
DA:75,0
DA:79,0
DA:81,0
DA:82,0
DA:83,0
DA:86,0
DA:87,0
DA:88,0
DA:89,0
DA:90,0
DA:91,0
DA:92,0
DA:93,0
DA:94,0
DA:95,0
DA:98,0
DA:99,0
DA:101,0
DA:102,0
DA:103,0
DA:104,0
DA:105,0
DA:106,0
DA:109,0
DA:111,0
DA:122,0
DA:124,0
DA:125,0
DA:126,0
DA:128,0
DA:129,0
DA:131,0
DA:133,0
DA:134,0
DA:135,0
DA:136,0
DA:137,0
DA:138,0
DA:141,0
DA:143,0
DA:147,0
DA:149,0
DA:150,0
DA:151,0
DA:152,0
DA:153,0
DA:154,0
DA:155,0
DA:156,0
DA:157,0
DA:159,0
DA:160,0
DA:162,0
DA:164,0
DA:165,0
DA:166,0
DA:167,0
DA:168,0
DA:169,0
DA:172,0
DA:174,0
LF:81
LH:0
end_of_record
SF:lib/repository/repository_wholesaler.dart
DA:53,0
DA:54,0
DA:55,0
DA:56,0
DA:57,0
DA:58,0
DA:59,0
DA:60,0
DA:61,0
DA:101,0
DA:102,0
DA:104,0
DA:105,0
DA:106,0
DA:107,0
DA:108,0
DA:113,0
DA:114,0
DA:115,0
DA:116,0
DA:117,0
DA:120,0
DA:121,0
DA:123,0
DA:124,0
DA:125,0
DA:126,0
DA:129,0
DA:132,0
DA:133,0
DA:136,0
DA:137,0
DA:138,0
DA:139,0
DA:140,0
DA:143,0
DA:144,0
DA:146,0
DA:147,0
DA:148,0
DA:149,0
DA:150,0
DA:153,0
DA:156,0
DA:157,0
DA:158,0
DA:159,0
DA:160,0
DA:161,0
DA:163,0
DA:166,0
DA:168,0
DA:169,0
DA:170,0
DA:171,0
DA:172,0
DA:175,0
DA:176,0
DA:177,0
DA:178,0
DA:179,0
DA:180,0
DA:181,0
DA:182,0
DA:185,0
DA:186,0
DA:187,0
DA:194,0
DA:196,0
DA:197,0
DA:198,0
DA:199,0
DA:200,0
DA:201,0
DA:203,0
DA:204,0
DA:208,0
DA:210,0
DA:211,0
DA:212,0
DA:213,0
DA:214,0
DA:215,0
DA:216,0
DA:217,0
DA:218,0
DA:219,0
DA:220,0
DA:221,0
DA:226,0
DA:227,0
DA:228,0
DA:229,0
DA:230,0
DA:231,0
DA:232,0
DA:234,0
DA:235,0
DA:236,0
DA:238,0
DA:239,0
DA:240,0
DA:242,0
DA:247,0
DA:249,0
DA:250,0
DA:254,0
DA:258,0
DA:259,0
DA:260,0
DA:261,0
DA:262,0
DA:263,0
DA:264,0
DA:265,0
DA:269,0
DA:270,0
DA:271,0
DA:272,0
DA:273,0
DA:275,0
DA:276,0
DA:277,0
DA:278,0
DA:279,0
DA:280,0
DA:281,0
DA:282,0
DA:284,0
DA:285,0
DA:286,0
DA:291,0
DA:292,0
DA:293,0
DA:294,0
DA:295,0
DA:296,0
DA:297,0
DA:298,0
DA:302,0
DA:303,0
DA:305,0
DA:306,0
DA:307,0
DA:308,0
DA:309,0
DA:310,0
DA:311,0
DA:313,0
DA:314,0
DA:317,0
DA:318,0
DA:320,0
DA:321,0
DA:322,0
DA:323,0
DA:326,0
DA:329,0
DA:330,0
DA:331,0
DA:335,0
DA:336,0
DA:338,0
DA:339,0
DA:340,0
DA:341,0
DA:342,0
DA:343,0
DA:344,0
DA:346,0
DA:347,0
DA:350,0
DA:351,0
DA:353,0
DA:354,0
DA:355,0
DA:356,0
DA:359,0
DA:362,0
DA:363,0
DA:364,0
DA:365,0
DA:366,0
DA:367,0
DA:368,0
DA:370,0
DA:373,0
DA:374,0
DA:376,0
DA:378,0
DA:379,0
DA:381,0
DA:382,0
DA:383,0
DA:384,0
DA:385,0
DA:387,0
DA:388,0
DA:390,0
DA:391,0
DA:392,0
DA:394,0
DA:398,0
DA:400,0
DA:402,0
DA:403,0
DA:404,0
DA:405,0
DA:420,0
DA:421,0
DA:423,0
DA:424,0
DA:425,0
DA:426,0
DA:428,0
DA:432,0
DA:433,0
DA:434,0
DA:435,0
DA:437,0
DA:440,0
DA:442,0
DA:443,0
DA:444,0
DA:445,0
DA:447,0
DA:448,0
DA:450,0
DA:452,0
DA:453,0
DA:454,0
DA:456,0
DA:459,0
DA:460,0
DA:462,0
DA:467,0
DA:468,0
DA:469,0
DA:471,0
DA:472,0
DA:474,0
DA:476,0
DA:477,0
DA:479,0
DA:480,0
DA:481,0
DA:482,0
DA:484,0
DA:485,0
DA:486,0
DA:487,0
DA:488,0
DA:490,0
DA:491,0
DA:493,0
DA:497,0
DA:498,0
DA:500,0
DA:501,0
DA:503,0
DA:505,0
DA:506,0
DA:508,0
DA:509,0
DA:510,0
DA:511,0
DA:512,0
DA:513,0
DA:514,0
DA:516,0
DA:517,0
DA:519,0
DA:521,0
DA:525,0
DA:527,0
DA:529,0
DA:530,0
DA:533,0
DA:534,0
DA:535,0
DA:537,0
DA:538,0
DA:540,0
DA:541,0
DA:542,0
DA:543,0
DA:545,0
DA:546,0
DA:549,0
DA:557,0
DA:558,0
DA:561,0
DA:562,0
DA:563,0
DA:565,0
DA:566,0
DA:567,0
DA:569,0
DA:570,0
DA:572,0
DA:574,0
DA:575,0
DA:576,0
DA:578,0
DA:579,0
DA:581,0
DA:583,0
DA:584,0
DA:585,0
DA:586,0
DA:591,0
DA:592,0
DA:594,0
DA:596,0
DA:597,0
DA:599,0
DA:600,0
DA:601,0
DA:602,0
DA:603,0
DA:605,0
DA:606,0
DA:608,0
DA:610,0
DA:618,0
DA:619,0
DA:622,0
DA:623,0
DA:625,0
DA:626,0
DA:627,0
DA:628,0
DA:629,0
DA:630,0
DA:631,0
DA:633,0
DA:636,0
DA:637,0
DA:638,0
DA:640,0
DA:641,0
DA:643,0
DA:645,0
DA:646,0
DA:647,0
DA:652,0
DA:653,0
DA:654,0
DA:655,0
DA:656,0
DA:657,0
DA:661,0
DA:662,0
DA:664,0
DA:666,0
DA:667,0
DA:669,0
DA:670,0
DA:671,0
DA:672,0
DA:673,0
DA:675,0
DA:676,0
DA:678,0
DA:680,0
DA:684,0
DA:685,0
DA:687,0
DA:690,0
DA:691,0
DA:693,0
DA:694,0
DA:696,0
DA:700,0
DA:703,0
DA:705,0
DA:706,0
DA:707,0
DA:710,0
DA:711,0
DA:712,0
DA:713,0
DA:714,0
DA:715,0
DA:716,0
DA:718,0
DA:719,0
DA:720,0
DA:721,0
DA:723,0
DA:727,0
DA:728,0
DA:729,0
DA:732,0
DA:733,0
DA:736,0
DA:737,0
DA:738,0
DA:740,0
DA:741,0
DA:742,0
DA:743,0
DA:748,0
DA:750,0
DA:751,0
DA:752,0
DA:754,0
DA:755,0
DA:756,0
DA:771,0
DA:773,0
DA:774,0
DA:777,0
DA:779,0
DA:781,0
DA:782,0
DA:783,0
DA:786,0
DA:787,0
DA:788,0
DA:789,0
DA:793,0
DA:796,0
DA:797,0
DA:798,0
DA:813,0
DA:815,0
DA:816,0
DA:817,0
DA:818,0
DA:820,0
DA:824,0
DA:826,0
DA:827,0
DA:829,0
DA:832,0
DA:833,0
DA:838,0
DA:840,0
DA:842,0
DA:843,0
DA:848,0
DA:849,0
DA:850,0
DA:852,0
DA:856,0
DA:858,0
DA:860,0
DA:864,0
DA:866,0
DA:869,0
DA:873,0
DA:875,0
DA:876,0
DA:877,0
DA:879,0
DA:882,0
DA:883,0
DA:885,0
DA:894,0
DA:895,0
DA:896,0
DA:898,0
DA:902,0
DA:904,0
DA:905,0
DA:906,0
DA:908,0
DA:912,0
DA:914,0
DA:915,0
DA:916,0
DA:917,0
DA:919,0
DA:923,0
DA:925,0
DA:926,0
DA:927,0
DA:928,0
DA:930,0
DA:934,0
DA:936,0
DA:937,0
DA:938,0
DA:939,0
DA:940,0
DA:941,0
DA:942,0
DA:943,0
DA:945,0
LF:490
LH:0
end_of_record
SF:lib/repository/settlement_repository.dart
DA:41,0
DA:43,0
DA:44,0
DA:45,0
DA:47,0
DA:49,0
DA:51,0
DA:52,0
DA:53,0
DA:54,0
DA:56,0
DA:58,0
DA:61,0
DA:63,0
DA:74,0
DA:75,0
DA:76,0
DA:79,0
DA:82,0
DA:85,0
DA:86,0
DA:87,0
DA:88,0
DA:89,0
DA:90,0
DA:92,0
DA:95,0
DA:97,0
DA:103,0
DA:108,0
DA:109,0
DA:112,0
DA:114,0
DA:116,0
DA:118,0
DA:120,0
DA:123,0
DA:127,0
DA:129,0
DA:130,0
DA:132,0
DA:139,0
DA:141,0
DA:143,0
DA:146,0
DA:147,0
DA:149,0
DA:150,0
DA:151,0
DA:152,0
DA:153,0
DA:154,0
DA:155,0
DA:156,0
DA:157,0
DA:159,0
DA:160,0
DA:161,0
DA:162,0
DA:163,0
DA:164,0
DA:165,0
DA:166,0
DA:167,0
DA:168,0
DA:169,0
DA:173,0
DA:175,0
DA:177,0
DA:178,0
DA:179,0
DA:180,0
DA:181,0
DA:182,0
DA:183,0
DA:184,0
DA:185,0
DA:186,0
DA:192,0
DA:194,0
DA:195,0
DA:197,0
DA:202,0
DA:203,0
DA:206,0
DA:207,0
DA:209,0
DA:210,0
DA:211,0
DA:220,0
LF:90
LH:0
end_of_record
SF:lib/services/auth_service/auth_service.dart
DA:86,0
DA:87,0
DA:98,0
DA:99,0
DA:100,0
DA:103,0
DA:104,0
DA:105,0
DA:110,0
DA:111,0
DA:112,0
DA:114,0
DA:115,0
DA:116,0
DA:117,0
DA:118,0
DA:120,0
DA:121,0
DA:122,0
DA:126,0
DA:127,0
DA:128,0
DA:131,0
DA:132,0
DA:133,0
DA:134,0
DA:137,0
DA:138,0
DA:143,0
DA:144,0
DA:145,0
DA:146,0
DA:147,0
DA:149,0
DA:152,0
DA:153,0
DA:154,0
DA:156,0
DA:157,0
DA:160,0
DA:161,0
DA:162,0
DA:163,0
DA:164,0
DA:166,0
DA:169,0
DA:170,0
DA:171,0
DA:172,0
DA:175,0
DA:176,0
DA:177,0
DA:178,0
DA:179,0
DA:180,0
DA:183,0
DA:184,0
DA:185,0
DA:199,0
DA:200,0
DA:201,0
DA:202,0
DA:206,0
DA:207,0
DA:208,0
DA:210,0
DA:211,0
DA:212,0
DA:213,0
DA:215,0
DA:216,0
DA:217,0
DA:218,0
DA:224,0
DA:225,0
DA:227,0
DA:229,0
DA:230,0
DA:234,0
DA:235,0
DA:236,0
DA:238,0
DA:239,0
DA:240,0
DA:241,0
DA:243,0
DA:261,0
DA:269,0
DA:272,0
DA:275,0
DA:276,0
DA:279,0
DA:282,0
DA:283,0
DA:284,0
DA:285,0
DA:290,0
DA:293,0
DA:297,0
DA:298,0
DA:299,0
DA:301,0
DA:302,0
DA:303,0
DA:305,0
DA:306,0
DA:307,0
DA:308,0
DA:309,0
DA:310,0
DA:311,0
DA:312,0
DA:313,0
DA:314,0
DA:315,0
DA:316,0
DA:318,0
DA:320,0
DA:322,0
DA:323,0
DA:324,0
DA:325,0
DA:326,0
DA:327,0
DA:328,0
DA:340,0
DA:341,0
DA:342,0
DA:343,0
DA:344,0
DA:345,0
DA:346,0
DA:347,0
DA:350,0
DA:353,0
DA:354,0
DA:357,0
DA:363,0
DA:365,0
DA:366,0
DA:367,0
DA:368,0
DA:371,0
DA:377,0
DA:383,0
DA:384,0
DA:387,0
DA:394,0
DA:396,0
DA:397,0
DA:398,0
DA:399,0
DA:407,0
DA:410,0
DA:412,0
DA:413,0
DA:414,0
DA:415,0
DA:416,0
DA:417,0
DA:418,0
DA:419,0
DA:420,0
DA:421,0
DA:422,0
DA:423,0
DA:425,0
DA:428,0
DA:429,0
DA:430,0
DA:431,0
DA:434,0
DA:436,0
DA:442,0
DA:449,0
DA:457,0
DA:458,0
DA:459,0
DA:460,0
DA:462,0
DA:464,0
DA:467,0
DA:468,0
DA:470,0
DA:471,0
DA:472,0
DA:473,0
DA:474,0
DA:475,0
DA:477,0
DA:478,0
DA:480,0
DA:481,0
DA:484,0
DA:487,0
DA:488,0
DA:489,0
DA:494,0
DA:497,0
DA:498,0
DA:499,0
DA:502,0
DA:507,0
DA:508,0
DA:509,0
DA:510,0
DA:530,0
DA:531,0
DA:532,0
DA:533,0
DA:536,0
DA:538,0
DA:540,0
DA:542,0
DA:543,0
DA:544,0
DA:546,0
DA:547,0
DA:548,0
DA:554,0
DA:555,0
DA:557,0
DA:558,0
DA:559,0
DA:560,0
DA:561,0
DA:562,0
DA:564,0
DA:565,0
DA:566,0
DA:567,0
DA:569,0
DA:570,0
DA:571,0
DA:572,0
DA:574,0
DA:575,0
DA:576,0
DA:577,0
DA:578,0
DA:579,0
DA:580,0
DA:583,0
DA:585,0
DA:589,0
DA:592,0
DA:595,0
DA:596,0
DA:597,0
DA:598,0
DA:599,0
DA:600,0
DA:601,0
DA:602,0
DA:603,0
DA:604,0
DA:605,0
DA:607,0
DA:608,0
DA:611,0
DA:613,0
DA:617,0
DA:626,0
DA:628,0
DA:629,0
DA:630,0
DA:634,0
DA:635,0
DA:638,0
DA:642,0
DA:643,0
DA:650,0
DA:652,0
DA:653,0
DA:654,0
DA:655,0
DA:656,0
DA:657,0
DA:658,0
DA:659,0
DA:661,0
DA:663,0
DA:664,0
DA:665,0
DA:667,0
DA:668,0
DA:672,0
DA:673,0
DA:675,0
DA:676,0
DA:677,0
DA:678,0
DA:679,0
DA:680,0
DA:682,0
DA:683,0
DA:685,0
DA:690,0
DA:691,0
DA:692,0
DA:693,0
DA:695,0
DA:696,0
DA:697,0
DA:699,0
DA:701,0
DA:702,0
DA:703,0
DA:704,0
DA:705,0
DA:706,0
DA:708,0
DA:709,0
DA:713,0
DA:714,0
DA:715,0
DA:716,0
DA:718,0
DA:719,0
DA:720,0
DA:721,0
DA:722,0
DA:723,0
DA:725,0
DA:726,0
DA:730,0
DA:731,0
DA:732,0
DA:733,0
DA:734,0
DA:735,0
DA:736,0
DA:737,0
DA:738,0
DA:742,0
DA:746,0
DA:748,0
DA:749,0
DA:750,0
DA:753,0
DA:756,0
DA:757,0
DA:758,0
DA:759,0
DA:798,0
DA:799,0
DA:802,0
DA:804,0
DA:810,0
DA:811,0
DA:813,0
DA:814,0
DA:815,0
DA:816,0
DA:817,0
DA:819,0
DA:820,0
DA:821,0
DA:822,0
DA:823,0
DA:830,0
DA:831,0
DA:833,0
DA:834,0
DA:835,0
DA:836,0
DA:838,0
LF:367
LH:0
end_of_record
SF:lib/services/connectivity/connectivity.dart
DA:30,0
DA:31,0
DA:32,0
DA:33,0
DA:34,0
DA:36,0
DA:38,0
DA:42,0
DA:48,0
DA:49,0
DA:50,0
DA:51,0
DA:52,0
DA:54,0
DA:56,0
DA:60,0
LF:16
LH:0
end_of_record
SF:lib/services/local_data/local_data.dart
DA:12,0
DA:14,0
DA:20,0
DA:24,0
DA:25,0
DA:26,0
DA:30,0
DA:31,0
DA:32,0
DA:35,0
DA:36,0
DA:37,0
DA:41,0
DA:42,0
DA:45,0
DA:46,0
DA:49,0
DA:50,0
DA:53,0
DA:54,0
LF:20
LH:0
end_of_record
SF:lib/services/navigation/navigation_service.dart
DA:12,0
DA:14,0
DA:15,0
DA:18,0
DA:19,0
DA:22,0
DA:24,0
DA:25,0
DA:28,0
DA:29,0
DA:32,0
DA:33,0
DA:35,0
DA:37,0
DA:41,0
DA:42,0
DA:45,0
DA:47,0
DA:51,0
DA:52,0
DA:54,0
DA:58,0
DA:59,0
DA:60,0
DA:61,0
DA:62,0
DA:68,0
DA:72,0
DA:77,0
DA:80,0
DA:81,0
DA:82,0
DA:84,0
DA:87,0
DA:92,0
DA:99,0
DA:100,0
DA:103,0
DA:106,0
DA:107,0
DA:110,0
DA:112,0
DA:113,0
DA:114,0
LF:44
LH:0
end_of_record
SF:lib/services/network.dart
DA:14,0
DA:15,0
DA:16,0
DA:19,0
DA:20,0
DA:22,0
DA:23,0
DA:24,0
DA:26,0
DA:28,0
DA:29,0
DA:31,0
DA:32,0
DA:34,0
LF:14
LH:0
end_of_record
SF:lib/services/network/network_info.dart
DA:9,0
DA:10,0
DA:12,0
DA:14,0
DA:21,0
DA:24,0
DA:26,0
DA:27,0
DA:28,0
DA:29,0
DA:32,0
DA:33,0
DA:34,0
DA:37,0
LF:14
LH:0
end_of_record
SF:lib/services/network/web_service.dart
DA:20,0
DA:21,0
DA:22,0
DA:23,0
DA:25,0
DA:29,0
DA:30,0
DA:31,0
DA:32,0
DA:33,0
DA:34,0
DA:36,0
DA:40,0
DA:41,0
DA:42,0
DA:43,0
DA:46,0
DA:52,0
DA:53,0
DA:57,0
DA:63,0
DA:64,0
DA:68,0
DA:72,0
DA:73,0
DA:74,0
DA:105,0
DA:106,0
DA:108,0
DA:109,0
DA:110,0
DA:118,0
DA:119,0
DA:124,0
DA:126,0
DA:131,0
DA:132,0
DA:133,0
DA:135,0
DA:137,0
DA:138,0
DA:143,0
DA:145,0
DA:149,0
DA:153,0
DA:154,0
DA:155,0
DA:158,0
DA:160,0
DA:162,0
DA:166,0
DA:170,0
DA:171,0
DA:172,0
DA:174,0
DA:175,0
DA:176,0
DA:180,0
DA:182,0
DA:186,0
DA:190,0
DA:191,0
DA:195,0
DA:197,0
DA:199,0
DA:200,0
DA:201,0
DA:204,0
DA:205,0
DA:206,0
DA:207,0
DA:208,0
DA:211,0
DA:213,0
DA:214,0
DA:217,0
DA:222,0
DA:224,0
DA:226,0
DA:227,0
DA:228,0
DA:232,0
DA:233,0
DA:234,0
DA:235,0
DA:237,0
DA:239,0
DA:244,0
DA:248,0
DA:250,0
DA:251,0
DA:252,0
DA:256,0
DA:258,0
DA:264,0
LF:95
LH:0
end_of_record
SF:lib/services/notification_service/notification_servicee.dart
DA:16,0
DA:19,0
DA:21,0
DA:24,0
DA:25,0
DA:27,0
DA:28,0
DA:29,0
DA:30,0
DA:33,0
DA:35,0
DA:44,0
DA:48,0
DA:49,0
DA:51,0
DA:52,0
DA:53,0
DA:55,0
DA:56,0
DA:59,0
DA:65,0
DA:67,0
DA:68,0
DA:69,0
DA:71,0
DA:72,0
DA:73,0
DA:74,0
DA:75,0
DA:76,0
DA:77,0
DA:81,0
DA:82,0
DA:85,0
DA:109,0
DA:110,0
DA:111,0
DA:112,0
LF:38
LH:0
end_of_record
SF:lib/services/storage/device_storage.dart
DA:11,1
DA:12,1
DA:19,1
DA:20,3
DA:23,0
DA:25,0
DA:26,0
DA:27,0
DA:28,0
DA:29,0
DA:30,0
DA:33,0
DA:36,0
DA:37,0
DA:40,0
DA:41,0
DA:44,0
DA:45,0
DA:48,0
DA:49,0
DA:52,0
DA:53,0
DA:56,0
DA:57,0
DA:60,0
DA:61,0
LF:26
LH:4
end_of_record
SF:lib/services/web_basic_service/WebBasicService.dart
DA:20,0
DA:21,0
DA:26,0
DA:27,0
DA:29,0
DA:30,0
DA:32,0
DA:34,0
LF:8
LH:0
end_of_record
SF:lib/app/app_config.dart
DA:10,1
DA:12,1
DA:14,0
DA:16,1
DA:18,0
DA:20,1
DA:22,1
DA:27,0
DA:28,0
DA:31,0
DA:32,0
DA:35,0
DA:36,0
DA:39,0
DA:40,0
DA:44,0
DA:45,0
DA:46,0
DA:47,0
DA:51,0
DA:57,0
DA:66,0
DA:73,3
LF:23
LH:6
end_of_record
SF:lib/data_models/models/all_sales_model/all_sales_model.dart
DA:13,0
DA:15,0
DA:16,0
DA:17,0
DA:18,0
DA:21,0
DA:22,0
DA:23,0
DA:24,0
DA:25,0
DA:26,0
DA:47,0
DA:62,0
DA:63,0
DA:64,0
DA:65,0
DA:66,0
DA:67,0
DA:70,0
DA:71,0
DA:72,0
DA:73,0
DA:74,0
DA:75,0
DA:76,0
DA:77,0
DA:80,0
DA:81,0
DA:82,0
DA:83,0
DA:84,0
DA:85,0
DA:88,0
DA:89,0
DA:90,0
DA:91,0
DA:92,0
DA:94,0
DA:95,0
DA:96,0
DA:97,0
DA:98,0
DA:99,0
DA:101,0
DA:102,0
DA:103,0
DA:104,0
DA:105,0
DA:106,0
DA:139,0
DA:167,0
DA:168,0
DA:169,0
DA:171,0
DA:172,0
DA:173,0
DA:174,0
DA:175,0
DA:176,0
DA:177,0
DA:178,0
DA:179,0
DA:180,0
DA:181,0
DA:182,0
DA:183,0
DA:184,0
DA:185,0
DA:186,0
DA:187,0
DA:188,0
DA:189,0
DA:190,0
DA:191,0
DA:192,0
DA:193,0
DA:194,0
DA:195,0
DA:196,0
DA:199,0
DA:200,0
DA:201,0
DA:202,0
DA:203,0
DA:204,0
DA:205,0
DA:206,0
DA:207,0
DA:208,0
DA:209,0
DA:210,0
DA:211,0
DA:212,0
DA:213,0
DA:214,0
DA:215,0
DA:216,0
DA:217,0
DA:218,0
DA:219,0
DA:220,0
DA:221,0
DA:222,0
DA:223,0
DA:224,0
DA:225,0
DA:226,0
DA:236,0
DA:238,0
DA:239,0
DA:240,0
DA:241,0
DA:244,0
DA:245,0
DA:246,0
DA:247,0
DA:248,0
DA:253,0
DA:254,0
DA:255,0
DA:256,0
DA:257,0
DA:258,0
DA:259,0
DA:260,0
DA:261,0
DA:262,0
DA:263,0
DA:264,0
DA:265,0
DA:266,0
DA:267,0
DA:268,0
DA:270,0
DA:272,0
DA:274,0
DA:275,0
DA:276,0
DA:277,0
DA:278,0
DA:279,0
DA:283,0
DA:284,0
DA:285,0
DA:286,0
DA:287,0
DA:288,0
DA:289,0
DA:290,0
DA:291,0
DA:292,0
DA:293,0
DA:294,0
DA:295,0
DA:296,0
DA:297,0
DA:298,0
DA:300,0
DA:301,0
DA:302,0
DA:303,0
DA:304,0
DA:305,0
DA:306,0
DA:307,0
DA:315,0
DA:317,0
DA:318,0
DA:319,0
DA:320,0
DA:321,0
DA:322,0
DA:327,0
DA:329,0
DA:330,0
DA:354,0
DA:356,0
DA:357,0
DA:360,0
DA:380,0
DA:381,0
DA:382,0
DA:383,0
DA:384,0
DA:385,0
DA:386,0
DA:387,0
DA:388,0
DA:389,0
DA:390,0
DA:391,0
DA:392,0
DA:393,0
DA:394,0
DA:395,0
DA:396,0
DA:397,0
DA:398,0
DA:401,0
DA:402,0
DA:403,0
DA:404,0
DA:405,0
DA:406,0
DA:407,0
DA:408,0
DA:409,0
DA:410,0
DA:411,0
DA:412,0
DA:413,0
DA:414,0
DA:415,0
DA:416,0
DA:417,0
DA:418,0
DA:419,0
DA:420,0
DA:429,0
DA:436,0
DA:441,0
LF:221
LH:0
end_of_record
SF:lib/app/locator.dart
DA:5,3
DA:9,0
DA:10,0
LF:3
LH:1
end_of_record
SF:lib/data_models/models/response_message_model/response_message_model.dart
DA:7,0
DA:10,0
DA:11,0
DA:12,0
DA:13,0
DA:14,0
DA:20,0
DA:21,0
DA:22,0
DA:23,0
DA:59,0
DA:90,0
DA:91,0
DA:92,0
DA:93,0
DA:94,0
DA:95,0
DA:96,0
DA:97,0
DA:98,0
DA:99,0
DA:100,0
DA:101,0
DA:102,0
DA:103,0
DA:104,0
DA:105,0
DA:106,0
DA:107,0
DA:108,0
DA:109,0
DA:110,0
DA:111,0
DA:112,0
DA:113,0
DA:114,0
DA:115,0
DA:116,0
DA:117,0
DA:118,0
DA:119,0
LF:41
LH:0
end_of_record
SF:lib/app/app_secrets.dart
DA:4,0
DA:9,0
DA:25,0
DA:26,0
DA:30,0
LF:5
LH:0
end_of_record
SF:lib/app/router.dart
DA:111,0
DA:112,0
DA:113,0
DA:114,0
DA:115,0
DA:118,0
DA:119,0
DA:120,0
DA:124,0
DA:125,0
DA:126,0
DA:130,0
DA:131,0
DA:132,0
DA:136,0
DA:137,0
DA:138,0
DA:142,0
DA:143,0
DA:144,0
DA:148,0
DA:149,0
DA:150,0
DA:154,0
DA:155,0
DA:156,0
DA:160,0
DA:161,0
DA:162,0
DA:165,0
DA:166,0
DA:167,0
DA:171,0
DA:172,0
DA:173,0
DA:177,0
DA:178,0
DA:179,0
DA:183,0
DA:184,0
DA:185,0
DA:189,0
DA:190,0
DA:191,0
DA:195,0
DA:196,0
DA:197,0
DA:201,0
DA:202,0
DA:203,0
DA:207,0
DA:208,0
DA:209,0
DA:213,0
DA:214,0
DA:215,0
DA:219,0
DA:220,0
DA:221,0
DA:225,0
DA:226,0
DA:227,0
DA:231,0
DA:232,0
DA:233,0
DA:237,0
DA:238,0
DA:239,0
DA:243,0
DA:244,0
DA:245,0
DA:249,0
DA:250,0
DA:251,0
DA:255,0
DA:256,0
DA:257,0
DA:261,0
DA:262,0
DA:263,0
DA:267,0
DA:268,0
DA:269,0
DA:273,0
DA:274,0
DA:275,0
DA:278,0
DA:279,0
DA:280,0
DA:283,0
DA:284,0
DA:285,0
DA:288,0
DA:289,0
DA:290,0
DA:293,0
DA:294,0
DA:295,0
DA:300,0
DA:301,0
DA:302,0
DA:303,0
LF:102
LH:0
end_of_record
SF:lib/presentation/features_parts/request_credit_lint_parts/image_credit_line_parts.dart
DA:4,0
DA:7,0
DA:9,0
DA:11,0
DA:12,0
DA:13,0
DA:19,0
DA:23,0
DA:24,0
DA:25,0
DA:26,0
DA:29,0
DA:30,0
DA:32,0
DA:33,0
DA:35,0
DA:36,0
DA:37,0
DA:38,0
DA:39,0
DA:40,0
DA:41,0
DA:42,0
DA:43,0
DA:44,0
DA:45,0
DA:47,0
DA:48,0
DA:49,0
DA:50,0
DA:51,0
DA:53,0
DA:54,0
DA:55,0
DA:57,0
DA:61,0
LF:36
LH:0
end_of_record
SF:lib/presentation/features_parts/request_credit_lint_parts/multiple_search_selection_part.dart
DA:4,0
DA:7,0
DA:9,0
DA:12,0
DA:13,0
DA:14,0
DA:16,0
DA:17,0
DA:18,0
DA:19,0
DA:20,0
DA:21,0
DA:23,0
DA:24,0
DA:27,0
DA:28,0
DA:29,0
DA:31,0
DA:38,0
DA:39,0
DA:41,0
DA:43,0
DA:44,0
DA:45,0
DA:46,0
DA:47,0
DA:49,0
DA:50,0
DA:52,0
DA:55,0
DA:56,0
DA:57,0
DA:58,0
DA:59,0
DA:62,0
DA:63,0
DA:64,0
DA:65,0
DA:68,0
DA:69,0
DA:70,0
DA:71,0
DA:72,0
DA:73,0
DA:74,0
LF:45
LH:0
end_of_record
SF:lib/presentation/features_parts/request_credit_lint_parts/question_answer_part.dart
DA:4,0
DA:7,0
DA:9,0
DA:11,0
DA:12,0
DA:13,0
DA:18,0
DA:19,0
DA:21,0
DA:22,0
DA:23,0
DA:24,0
DA:27,0
DA:28,0
DA:31,0
DA:32,0
DA:34,0
DA:35,0
DA:36,0
DA:37,0
DA:38,0
DA:41,0
DA:42,0
DA:43,0
DA:47,0
DA:48,0
DA:52,0
DA:53,0
DA:59,0
DA:60,0
DA:61,0
DA:62,0
DA:64,0
DA:66,0
DA:68,0
DA:69,0
DA:70,0
DA:71,0
DA:74,0
DA:76,0
DA:77,0
DA:78,0
DA:81,0
DA:85,0
DA:86,0
LF:45
LH:0
end_of_record
SF:lib/presentation/ui/add_credit_line_screen/add_credit_line_view.dart
DA:35,1
DA:37,0
DA:39,0
DA:40,0
DA:41,0
DA:43,0
DA:46,0
DA:47,0
DA:48,0
DA:49,0
DA:50,0
DA:51,0
DA:53,0
DA:54,0
DA:55,0
DA:56,0
DA:58,0
DA:60,0
DA:61,0
DA:65,0
DA:66,0
DA:67,0
DA:68,0
DA:69,0
DA:71,0
DA:72,0
DA:73,0
DA:74,0
DA:76,0
DA:77,0
DA:78,0
DA:80,0
DA:81,0
DA:82,0
DA:87,0
DA:89,0
DA:90,0
DA:92,0
DA:94,0
DA:95,0
DA:96,0
DA:98,0
DA:99,0
DA:102,0
DA:103,0
DA:104,0
DA:105,0
DA:111,0
DA:112,0
DA:113,0
DA:114,0
DA:116,0
DA:117,0
DA:118,0
DA:119,0
DA:121,0
DA:122,0
DA:123,0
DA:124,0
DA:129,0
DA:130,0
DA:131,0
DA:137,0
DA:138,0
DA:139,0
DA:140,0
DA:142,0
DA:143,0
DA:144,0
DA:145,0
DA:147,0
DA:148,0
DA:149,0
DA:150,0
DA:155,0
DA:161,0
DA:163,0
DA:165,0
DA:166,0
DA:167,0
DA:170,0
DA:171,0
DA:172,0
DA:173,0
DA:175,0
DA:179,0
DA:181,0
DA:183,0
DA:184,0
DA:189,0
DA:190,0
DA:192,0
DA:194,0
DA:195,0
DA:197,0
DA:198,0
DA:202,0
DA:203,0
DA:204,0
DA:205,0
DA:212,0
DA:213,0
DA:214,0
DA:215,0
DA:217,0
DA:218,0
DA:219,0
DA:220,0
DA:222,0
DA:223,0
DA:224,0
DA:225,0
DA:230,0
DA:231,0
DA:238,0
DA:239,0
DA:240,0
DA:241,0
DA:243,0
DA:244,0
DA:245,0
DA:246,0
DA:251,0
DA:258,0
DA:261,0
DA:262,0
DA:263,0
DA:264,0
DA:265,0
DA:266,0
DA:267,0
DA:268,0
DA:271,0
DA:272,0
DA:273,0
DA:278,0
DA:280,0
DA:282,0
DA:284,0
DA:286,0
DA:289,0
DA:290,0
DA:292,0
DA:293,0
DA:294,0
DA:297,0
DA:298,0
DA:299,0
DA:300,0
DA:301,0
DA:302,0
DA:304,0
DA:305,0
DA:306,0
DA:308,0
DA:309,0
DA:310,0
DA:311,0
DA:312,0
DA:313,0
DA:315,0
DA:316,0
DA:318,0
DA:319,0
DA:320,0
DA:322,0
DA:323,0
DA:324,0
DA:325,0
DA:326,0
DA:327,0
DA:328,0
DA:329,0
DA:331,0
DA:332,0
DA:334,0
DA:335,0
DA:336,0
DA:338,0
DA:339,0
DA:341,0
DA:342,0
DA:344,0
DA:345,0
DA:346,0
DA:347,0
DA:348,0
DA:350,0
DA:351,0
DA:353,0
DA:354,0
DA:355,0
DA:357,0
DA:358,0
DA:360,0
DA:361,0
DA:363,0
DA:364,0
DA:365,0
DA:370,0
DA:371,0
DA:374,0
DA:376,0
DA:377,0
DA:378,0
DA:382,0
DA:383,0
DA:384,0
DA:385,0
DA:386,0
DA:390,0
DA:391,0
DA:392,0
DA:394,0
DA:396,0
DA:398,0
DA:399,0
DA:400,0
DA:401,0
DA:402,0
DA:406,0
DA:407,0
DA:408,0
DA:409,0
DA:410,0
DA:414,0
DA:415,0
DA:416,0
DA:417,0
DA:419,0
DA:420,0
DA:422,0
DA:423,0
DA:424,0
DA:425,0
DA:427,0
DA:428,0
DA:430,0
DA:431,0
DA:432,0
DA:433,0
DA:434,0
DA:435,0
DA:436,0
DA:438,0
DA:440,0
DA:441,0
DA:445,0
DA:448,0
DA:450,0
DA:451,0
DA:453,0
DA:454,0
DA:456,0
DA:472,0
DA:475,0
DA:477,0
DA:479,0
DA:480,0
DA:481,0
DA:482,0
DA:485,0
DA:486,0
DA:487,0
DA:489,0
DA:493,0
DA:495,0
DA:503,0
DA:504,0
DA:507,0
DA:508,0
DA:511,0
DA:512,0
DA:514,0
DA:515,0
DA:517,0
DA:519,0
DA:520,0
DA:521,0
DA:522,0
DA:524,0
DA:525,0
DA:527,0
DA:530,0
DA:532,0
DA:533,0
DA:534,0
DA:536,0
DA:537,0
DA:538,0
DA:539,0
DA:541,0
DA:544,0
DA:554,0
DA:556,0
DA:557,0
DA:558,0
DA:560,0
DA:562,0
DA:564,0
DA:565,0
DA:567,0
DA:568,0
DA:569,0
DA:570,0
DA:572,0
DA:574,0
DA:576,0
DA:586,0
DA:588,0
DA:589,0
DA:590,0
DA:592,0
DA:594,0
DA:596,0
DA:603,0
DA:604,0
DA:605,0
DA:607,0
DA:608,0
DA:609,0
DA:610,0
DA:611,0
DA:612,0
DA:628,0
DA:629,0
DA:630,0
DA:631,0
DA:632,0
DA:635,0
DA:638,0
DA:639,0
DA:641,0
DA:642,0
DA:643,0
DA:644,0
DA:649,0
DA:652,0
DA:653,0
DA:654,0
DA:660,0
DA:667,0
DA:668,0
DA:669,0
DA:670,0
DA:672,0
DA:673,0
DA:674,0
DA:677,0
DA:678,0
DA:679,0
DA:680,0
DA:681,0
DA:682,0
DA:684,0
DA:685,0
DA:686,0
DA:698,0
DA:704,0
DA:705,0
DA:706,0
DA:708,0
DA:710,0
DA:711,0
DA:720,0
DA:721,0
DA:722,0
LF:367
LH:1
end_of_record
SF:lib/presentation/ui/add_store_screen/add_store_screen_view.dart
DA:28,1
DA:30,0
DA:32,0
DA:33,0
DA:34,0
DA:35,0
DA:36,0
DA:37,0
DA:40,0
DA:41,0
DA:42,0
DA:44,0
DA:46,0
DA:48,0
DA:49,0
DA:50,0
DA:51,0
DA:52,0
DA:55,0
DA:56,0
DA:57,0
DA:58,0
DA:59,0
DA:60,0
DA:62,0
DA:63,0
DA:64,0
DA:66,0
DA:67,0
DA:68,0
DA:70,0
DA:71,0
DA:72,0
DA:73,0
DA:74,0
DA:75,0
DA:76,0
DA:77,0
DA:78,0
DA:79,0
DA:83,0
DA:84,0
DA:85,0
DA:87,0
DA:88,0
DA:89,0
DA:91,0
DA:93,0
DA:94,0
DA:95,0
DA:96,0
DA:97,0
DA:98,0
DA:99,0
DA:101,0
DA:104,0
DA:106,0
DA:107,0
DA:108,0
DA:109,0
DA:110,0
DA:111,0
DA:113,0
DA:114,0
DA:116,0
DA:117,0
DA:118,0
DA:121,0
DA:122,0
DA:124,0
DA:125,0
DA:126,0
DA:129,0
DA:130,0
DA:137,0
DA:143,0
DA:144,0
DA:145,0
DA:148,0
DA:149,0
DA:150,0
DA:151,0
DA:152,0
DA:154,0
DA:156,0
DA:157,0
DA:158,0
DA:161,0
DA:162,0
DA:164,0
DA:165,0
DA:168,0
DA:176,0
DA:177,0
DA:178,0
DA:180,0
DA:183,0
DA:184,0
DA:185,0
DA:186,0
DA:187,0
DA:188,0
DA:189,0
DA:190,0
DA:194,0
DA:195,0
DA:196,0
DA:197,0
DA:198,0
DA:200,0
DA:202,0
DA:203,0
DA:204,0
DA:207,0
DA:208,0
DA:210,0
DA:211,0
DA:214,0
DA:222,0
DA:223,0
DA:224,0
DA:226,0
DA:229,0
DA:230,0
DA:231,0
DA:232,0
DA:233,0
DA:234,0
DA:235,0
DA:236,0
DA:237,0
DA:240,0
DA:241,0
DA:242,0
DA:243,0
DA:244,0
DA:246,0
DA:247,0
DA:248,0
DA:249,0
DA:250,0
DA:251,0
DA:253,0
DA:256,0
DA:257,0
DA:258,0
DA:259,0
DA:261,0
DA:262,0
DA:265,0
DA:266,0
DA:267,0
DA:269,0
DA:270,0
DA:272,0
DA:273,0
DA:276,0
DA:277,0
DA:278,0
DA:279,0
DA:280,0
DA:285,0
DA:287,0
DA:288,0
DA:289,0
DA:290,0
DA:291,0
DA:292,0
DA:293,0
DA:296,0
DA:297,0
DA:298,0
DA:301,0
DA:302,0
DA:303,0
DA:304,0
LF:176
LH:1
end_of_record
SF:lib/presentation/features_parts/home_parts/home_tabs/dashboard.dart
DA:4,0
DA:5,0
DA:9,0
DA:11,0
DA:12,0
DA:13,0
DA:14,0
DA:15,0
DA:18,0
DA:19,0
DA:20,0
DA:24,0
DA:26,0
DA:27,0
DA:28,0
DA:29,0
DA:30,0
DA:31,0
DA:32,0
DA:36,0
DA:37,0
DA:38,0
DA:39,0
DA:41,0
DA:42,0
DA:44,0
DA:45,0
DA:47,0
DA:48,0
DA:49,0
DA:50,0
DA:51,0
DA:52,0
DA:53,0
DA:55,0
DA:61,0
DA:62,0
DA:64,0
DA:65,0
DA:68,0
DA:69,0
DA:71,0
DA:72,0
DA:74,0
DA:75,0
DA:76,0
DA:77,0
DA:78,0
DA:79,0
DA:80,0
DA:81,0
DA:84,0
DA:86,0
DA:88,0
DA:89,0
DA:91,0
DA:92,0
DA:98,0
DA:99,0
DA:100,0
DA:107,0
DA:108,0
DA:109,0
DA:110,0
DA:111,0
DA:113,0
DA:114,0
DA:115,0
DA:117,0
DA:118,0
DA:120,0
DA:121,0
DA:122,0
DA:124,0
DA:129,0
DA:130,0
DA:131,0
DA:138,0
DA:142,0
DA:143,0
DA:150,0
DA:151,0
DA:152,0
DA:155,0
DA:156,0
DA:158,0
DA:159,0
DA:160,0
DA:162,0
DA:169,0
DA:171,0
DA:173,0
DA:174,0
DA:176,0
DA:178,0
DA:181,0
DA:188,0
DA:189,0
DA:191,0
DA:192,0
DA:194,0
DA:195,0
DA:196,0
DA:197,0
DA:201,0
DA:202,0
DA:204,0
DA:206,0
DA:207,0
DA:208,0
DA:210,0
DA:212,0
DA:226,0
DA:228,0
DA:229,0
DA:230,0
DA:232,0
DA:233,0
DA:234,0
DA:235,0
DA:237,0
DA:241,0
DA:242,0
DA:247,0
DA:248,0
DA:249,0
DA:251,0
DA:253,0
DA:254,0
DA:255,0
DA:256,0
DA:260,0
DA:261,0
DA:262,0
DA:264,0
DA:265,0
DA:269,0
DA:272,0
DA:273,0
DA:279,0
DA:280,0
DA:281,0
DA:292,0
DA:293,0
DA:294,0
DA:296,0
DA:297,0
DA:299,0
DA:300,0
DA:302,0
DA:303,0
DA:304,0
DA:305,0
DA:306,0
DA:307,0
DA:308,0
DA:320,0
DA:321,0
DA:322,0
DA:323,0
DA:326,0
DA:327,0
DA:328,0
DA:332,0
DA:334,0
DA:335,0
DA:336,0
DA:337,0
DA:338,0
DA:340,0
DA:341,0
DA:345,0
DA:346,0
DA:347,0
DA:348,0
DA:349,0
DA:350,0
DA:351,0
DA:352,0
DA:354,0
DA:355,0
DA:356,0
DA:357,0
DA:361,0
DA:363,0
DA:364,0
DA:365,0
DA:367,0
DA:368,0
DA:369,0
DA:370,0
DA:371,0
DA:372,0
DA:373,0
DA:377,0
DA:378,0
DA:379,0
DA:391,0
DA:393,0
DA:395,0
DA:396,0
DA:397,0
DA:398,0
DA:403,0
DA:405,0
DA:406,0
DA:409,0
DA:410,0
DA:412,0
DA:413,0
DA:414,0
DA:415,0
DA:416,0
DA:417,0
DA:419,0
DA:422,0
DA:423,0
DA:425,0
DA:426,0
DA:427,0
DA:428,0
DA:430,0
DA:431,0
DA:432,0
DA:433,0
DA:434,0
DA:435,0
DA:436,0
DA:437,0
DA:443,0
DA:444,0
DA:449,0
DA:450,0
DA:451,0
DA:452,0
DA:453,0
DA:455,0
DA:456,0
DA:457,0
LF:239
LH:0
end_of_record
SF:lib/presentation/features_parts/home_parts/retailer_parts_home/retailer_confirmation_card_in_dashboard.dart
DA:7,0
DA:11,0
DA:13,0
DA:15,0
DA:16,0
DA:17,0
DA:18,0
DA:19,0
DA:20,0
DA:21,0
DA:22,0
DA:27,0
DA:28,0
DA:29,0
DA:31,0
DA:32,0
DA:33,0
DA:35,0
DA:37,0
DA:38,0
DA:40,0
DA:46,0
DA:48,0
DA:49,0
DA:52,0
DA:53,0
DA:54,0
DA:60,0
DA:61,0
DA:62,0
DA:63,0
DA:64,0
DA:65,0
DA:68,0
DA:71,0
DA:72,0
DA:73,0
DA:74,0
DA:75,0
DA:76,0
DA:77,0
DA:78,0
DA:79,0
DA:80,0
LF:44
LH:0
end_of_record
SF:lib/presentation/features_parts/home_parts/wholesaler_parts_home/wholesaler_tabs_in_setting_tab.dart
DA:6,0
DA:8,0
DA:10,0
DA:11,0
DA:13,0
DA:15,0
DA:17,0
DA:18,0
DA:19,0
DA:22,0
DA:23,0
DA:26,0
LF:12
LH:0
end_of_record
SF:lib/presentation/features_parts/home_parts/retailer_parts_home/retailer_dashboard_request_setting_tab_part.dart
DA:6,0
DA:7,0
DA:9,0
DA:11,0
DA:12,0
DA:14,0
DA:15,0
DA:16,0
DA:18,0
DA:19,0
DA:20,0
DA:21,0
DA:22,0
DA:25,0
DA:27,0
DA:31,0
DA:34,0
DA:35,0
DA:36,0
DA:39,0
DA:41,0
DA:45,0
DA:48,0
DA:49,0
DA:50,0
DA:53,0
DA:55,0
DA:59,0
DA:62,0
DA:63,0
DA:64,0
DA:65,0
DA:66,0
DA:69,0
DA:70,0
DA:75,0
DA:76,0
DA:77,0
LF:38
LH:0
end_of_record
SF:lib/presentation/features_parts/home_parts/retailer_parts_home/retailer_tabs_in_setting_tab.dart
DA:6,0
DA:8,0
DA:10,0
DA:11,0
DA:13,0
DA:15,0
DA:17,0
DA:18,0
DA:19,0
DA:22,0
DA:23,0
DA:26,0
DA:28,0
DA:29,0
DA:32,0
DA:33,0
DA:36,0
DA:38,0
DA:39,0
DA:42,0
DA:43,0
DA:46,0
DA:48,0
DA:50,0
DA:53,0
DA:54,0
DA:57,0
DA:59,0
DA:61,0
DA:64,0
DA:65,0
DA:68,0
DA:70,0
DA:71,0
DA:74,0
DA:75,0
DA:78,0
LF:37
LH:0
end_of_record
SF:lib/presentation/ui/home_screen/home_screen_view.dart
DA:77,2
DA:79,0
DA:81,0
DA:82,0
DA:83,0
DA:84,0
DA:85,0
DA:86,0
DA:87,0
DA:89,0
DA:90,0
DA:91,0
DA:98,0
DA:99,0
DA:100,0
DA:101,0
DA:103,0
DA:109,0
DA:110,0
DA:111,0
DA:113,0
DA:115,0
DA:116,0
DA:120,0
DA:121,0
DA:122,0
DA:123,0
DA:124,0
DA:125,0
DA:133,0
DA:134,0
DA:135,0
DA:136,0
DA:137,0
DA:139,0
DA:140,0
DA:142,0
DA:144,0
DA:145,0
DA:147,0
DA:149,0
DA:150,0
DA:151,0
LF:43
LH:1
end_of_record
SF:lib/presentation/features_parts/home_parts/home_tabs/account_balance.dart
DA:4,0
DA:7,0
DA:9,0
DA:10,0
DA:11,0
DA:12,0
DA:17,0
DA:20,0
DA:21,0
DA:22,0
DA:23,0
DA:24,0
DA:25,0
DA:26,0
DA:29,0
DA:30,0
DA:31,0
DA:33,0
DA:34,0
DA:35,0
DA:37,0
DA:38,0
DA:39,0
DA:40,0
DA:41,0
DA:42,0
DA:43,0
DA:44,0
DA:45,0
LF:29
LH:0
end_of_record
SF:lib/presentation/features_parts/home_parts/wholesaler_parts_home/wholesaler_invoice_part_in_dashboard.dart
DA:6,0
DA:7,0
DA:9,0
DA:11,0
DA:12,0
DA:13,0
DA:14,0
DA:15,0
DA:16,0
DA:18,0
DA:20,0
DA:21,0
DA:24,0
DA:25,0
DA:26,0
DA:27,0
DA:28,0
DA:31,0
DA:32,0
DA:35,0
DA:40,0
DA:43,0
DA:44,0
DA:45,0
DA:46,0
DA:48,0
DA:49,0
DA:50,0
DA:52,0
DA:53,0
DA:58,0
DA:59,0
DA:62,0
DA:63,0
DA:64,0
DA:66,0
DA:67,0
LF:37
LH:0
end_of_record
SF:lib/presentation/features_parts/home_parts/home_tabs/requests.dart
DA:4,0
DA:5,0
DA:9,0
DA:11,0
DA:12,0
DA:13,0
DA:14,0
DA:19,0
DA:20,0
DA:21,0
DA:22,0
DA:24,0
DA:25,0
DA:26,0
DA:27,0
DA:28,0
DA:29,0
DA:32,0
DA:33,0
DA:36,0
DA:37,0
DA:38,0
DA:39,0
DA:40,0
DA:41,0
DA:42,0
DA:46,0
DA:47,0
DA:48,0
DA:50,0
DA:51,0
DA:53,0
DA:55,0
DA:56,0
DA:57,0
DA:58,0
DA:60,0
DA:66,0
DA:68,0
DA:69,0
DA:70,0
DA:75,0
DA:77,0
DA:83,0
DA:84,0
DA:85,0
DA:86,0
DA:89,0
DA:90,0
DA:91,0
DA:92,0
DA:93,0
DA:94,0
DA:95,0
DA:96,0
DA:97,0
DA:98,0
DA:100,0
DA:105,0
DA:106,0
DA:108,0
DA:109,0
DA:110,0
DA:112,0
DA:119,0
DA:120,0
DA:122,0
DA:124,0
DA:125,0
DA:126,0
DA:128,0
DA:130,0
DA:131,0
DA:132,0
DA:134,0
DA:136,0
DA:142,0
DA:145,0
DA:146,0
DA:147,0
DA:148,0
DA:149,0
DA:150,0
DA:151,0
DA:155,0
DA:156,0
DA:157,0
DA:159,0
DA:160,0
DA:162,0
DA:164,0
DA:165,0
DA:166,0
DA:167,0
DA:169,0
DA:175,0
DA:177,0
DA:178,0
DA:179,0
DA:184,0
DA:186,0
DA:192,0
DA:193,0
DA:194,0
DA:196,0
DA:197,0
DA:198,0
DA:199,0
DA:200,0
DA:201,0
DA:202,0
DA:203,0
DA:204,0
DA:206,0
DA:211,0
DA:212,0
DA:213,0
DA:214,0
DA:215,0
DA:216,0
DA:217,0
DA:218,0
DA:220,0
DA:221,0
DA:222,0
DA:223,0
DA:225,0
DA:226,0
DA:227,0
DA:228,0
DA:230,0
DA:236,0
DA:239,0
DA:240,0
DA:241,0
DA:242,0
DA:243,0
DA:244,0
DA:245,0
DA:249,0
DA:250,0
DA:251,0
DA:252,0
DA:253,0
DA:255,0
DA:260,0
DA:262,0
DA:263,0
DA:266,0
DA:268,0
DA:270,0
DA:272,0
DA:278,0
DA:279,0
DA:280,0
DA:282,0
DA:283,0
DA:284,0
DA:285,0
DA:286,0
DA:287,0
DA:288,0
DA:289,0
DA:292,0
DA:293,0
DA:294,0
DA:295,0
DA:296,0
DA:299,0
DA:300,0
DA:302,0
DA:303,0
DA:304,0
DA:305,0
DA:306,0
DA:307,0
DA:309,0
DA:310,0
DA:311,0
DA:313,0
DA:316,0
DA:317,0
DA:318,0
DA:319,0
DA:321,0
DA:323,0
DA:325,0
DA:338,0
DA:339,0
DA:340,0
DA:342,0
DA:343,0
DA:344,0
DA:345,0
DA:346,0
DA:347,0
DA:349,0
DA:350,0
DA:353,0
DA:354,0
DA:355,0
DA:356,0
DA:357,0
DA:358,0
DA:359,0
DA:363,0
DA:364,0
DA:365,0
DA:366,0
DA:368,0
DA:369,0
DA:370,0
DA:371,0
DA:372,0
DA:373,0
DA:374,0
DA:375,0
DA:376,0
DA:378,0
DA:382,0
DA:383,0
DA:384,0
DA:385,0
DA:386,0
DA:387,0
DA:388,0
DA:389,0
DA:390,0
DA:392,0
DA:393,0
DA:394,0
DA:395,0
DA:396,0
DA:398,0
DA:399,0
DA:400,0
DA:401,0
DA:402,0
DA:409,0
DA:412,0
DA:413,0
DA:414,0
DA:415,0
DA:416,0
DA:417,0
DA:418,0
DA:423,0
DA:424,0
DA:425,0
DA:426,0
DA:428,0
DA:429,0
DA:430,0
DA:431,0
DA:432,0
DA:433,0
DA:434,0
DA:435,0
DA:438,0
DA:439,0
DA:441,0
DA:442,0
DA:443,0
DA:445,0
DA:446,0
DA:447,0
DA:448,0
DA:450,0
DA:452,0
DA:454,0
DA:455,0
DA:456,0
DA:458,0
DA:460,0
DA:462,0
DA:464,0
DA:465,0
DA:466,0
DA:467,0
DA:468,0
DA:469,0
LF:281
LH:0
end_of_record
SF:lib/presentation/features_parts/home_parts/home_tabs/settings.dart
DA:4,0
DA:7,0
DA:9,0
DA:10,0
DA:11,0
DA:12,0
DA:13,0
DA:14,0
DA:15,0
DA:16,0
DA:17,0
DA:18,0
DA:19,0
DA:24,0
DA:25,0
DA:26,0
DA:27,0
DA:28,0
DA:29,0
DA:30,0
DA:32,0
DA:33,0
DA:35,0
DA:37,0
DA:38,0
DA:40,0
DA:46,0
DA:47,0
DA:48,0
DA:49,0
DA:50,0
DA:55,0
DA:58,0
DA:59,0
DA:60,0
DA:61,0
DA:62,0
DA:63,0
DA:64,0
DA:65,0
DA:68,0
DA:69,0
DA:70,0
DA:71,0
DA:72,0
DA:73,0
DA:75,0
DA:78,0
DA:80,0
DA:81,0
DA:83,0
DA:89,0
DA:90,0
DA:91,0
DA:92,0
DA:93,0
DA:94,0
DA:97,0
DA:98,0
DA:101,0
DA:102,0
DA:103,0
DA:105,0
DA:106,0
DA:108,0
DA:109,0
DA:110,0
DA:111,0
DA:120,0
DA:121,0
DA:124,0
DA:125,0
DA:126,0
DA:127,0
DA:128,0
DA:129,0
DA:132,0
DA:133,0
DA:134,0
DA:135,0
DA:136,0
DA:137,0
DA:139,0
DA:141,0
DA:142,0
DA:143,0
DA:154,0
DA:155,0
DA:156,0
DA:157,0
DA:158,0
DA:163,0
DA:166,0
DA:167,0
DA:168,0
DA:169,0
DA:170,0
DA:171,0
DA:174,0
DA:175,0
DA:176,0
DA:177,0
DA:178,0
DA:179,0
DA:181,0
DA:184,0
DA:186,0
DA:187,0
DA:189,0
DA:195,0
DA:196,0
DA:197,0
DA:198,0
DA:199,0
DA:201,0
DA:202,0
DA:204,0
DA:205,0
DA:209,0
DA:210,0
DA:212,0
DA:213,0
DA:218,0
DA:219,0
DA:220,0
DA:221,0
DA:224,0
DA:225,0
DA:229,0
DA:230,0
DA:242,0
DA:243,0
DA:246,0
DA:247,0
DA:248,0
DA:249,0
DA:250,0
DA:251,0
DA:252,0
DA:254,0
DA:257,0
DA:258,0
DA:259,0
DA:261,0
DA:263,0
DA:264,0
DA:265,0
DA:268,0
DA:269,0
DA:270,0
DA:272,0
DA:274,0
DA:275,0
DA:276,0
DA:279,0
DA:280,0
DA:281,0
DA:283,0
DA:285,0
DA:286,0
DA:287,0
DA:290,0
DA:291,0
DA:292,0
DA:293,0
DA:295,0
DA:296,0
DA:297,0
DA:300,0
DA:301,0
DA:302,0
DA:303,0
DA:304,0
DA:305,0
DA:306,0
DA:307,0
DA:308,0
DA:312,0
DA:313,0
DA:314,0
DA:317,0
DA:318,0
DA:319,0
DA:320,0
DA:321,0
DA:323,0
DA:324,0
DA:325,0
DA:328,0
DA:330,0
DA:331,0
DA:332,0
DA:333,0
DA:334,0
DA:336,0
DA:338,0
DA:339,0
DA:340,0
DA:343,0
DA:344,0
DA:345,0
DA:346,0
DA:347,0
DA:348,0
DA:350,0
DA:351,0
DA:353,0
DA:354,0
DA:355,0
DA:366,0
DA:367,0
DA:368,0
DA:369,0
DA:370,0
DA:372,0
DA:373,0
DA:376,0
DA:377,0
DA:378,0
DA:381,0
DA:382,0
DA:383,0
DA:384,0
DA:389,0
DA:392,0
DA:393,0
DA:395,0
DA:396,0
DA:397,0
DA:408,0
DA:409,0
DA:412,0
DA:413,0
DA:414,0
DA:420,0
DA:421,0
DA:430,0
DA:431,0
DA:434,0
DA:435,0
DA:436,0
DA:437,0
DA:438,0
DA:439,0
DA:440,0
DA:441,0
DA:445,0
DA:446,0
DA:447,0
DA:448,0
DA:449,0
DA:450,0
DA:452,0
DA:455,0
DA:457,0
DA:458,0
DA:460,0
DA:466,0
DA:467,0
DA:469,0
DA:470,0
DA:471,0
DA:472,0
DA:474,0
DA:475,0
DA:477,0
DA:479,0
DA:480,0
DA:481,0
DA:482,0
DA:483,0
DA:484,0
DA:485,0
DA:487,0
DA:489,0
DA:491,0
DA:493,0
LF:277
LH:0
end_of_record
SF:lib/presentation/features_parts/home_parts/wholesaler_parts_home/wholesaler_tabs_in_request_tab.dart
DA:6,0
DA:8,0
DA:10,0
DA:11,0
DA:13,0
DA:14,0
DA:15,0
DA:20,0
DA:21,0
DA:23,0
DA:24,0
DA:25,0
DA:26,0
DA:29,0
DA:30,0
DA:31,0
DA:36,0
DA:38,0
DA:39,0
DA:44,0
LF:20
LH:0
end_of_record
SF:lib/presentation/features_parts/home_parts/wholesaler_parts_home/wholesaler_dashboard_request_tab_part.dart
DA:6,0
DA:7,0
DA:9,0
DA:11,0
DA:12,0
DA:14,0
DA:15,0
DA:16,0
DA:18,0
DA:20,0
DA:21,0
DA:22,0
DA:23,0
DA:26,0
DA:28,0
DA:33,0
DA:36,0
DA:37,0
DA:38,0
DA:41,0
DA:43,0
DA:48,0
DA:51,0
DA:52,0
DA:53,0
DA:56,0
DA:58,0
DA:63,0
LF:28
LH:0
end_of_record
SF:lib/presentation/features_parts/home_parts/retailer_parts_home/retailer_tabs_in_request_tab.dart
DA:6,0
DA:8,0
DA:10,0
DA:11,0
DA:13,0
DA:16,0
DA:19,0
DA:20,0
DA:22,0
DA:23,0
DA:24,0
DA:26,0
DA:27,0
DA:28,0
DA:32,0
DA:34,0
DA:35,0
DA:39,0
DA:41,0
DA:42,0
DA:46,0
LF:21
LH:0
end_of_record
SF:lib/presentation/features_parts/home_parts/wholesaler_parts_home/wholesaler_new_order_part_in_dashboard.dart
DA:4,1
DA:6,0
DA:8,0
DA:9,0
DA:10,0
DA:11,0
DA:12,0
DA:13,0
DA:15,0
DA:17,0
DA:18,0
DA:21,0
DA:22,0
DA:23,0
DA:25,0
DA:31,0
DA:33,0
DA:34,0
DA:35,0
DA:36,0
LF:20
LH:1
end_of_record
SF:lib/presentation/ui/notification/notification_view.dart
DA:16,2
DA:18,0
DA:20,0
DA:21,0
DA:22,0
DA:23,0
DA:24,0
DA:25,0
DA:26,0
DA:28,0
DA:29,0
DA:30,0
DA:39,0
DA:40,0
DA:41,0
DA:43,0
DA:45,0
DA:48,0
DA:50,0
DA:51,0
DA:52,0
DA:53,0
DA:54,0
DA:55,0
DA:60,0
DA:61,0
DA:62,0
DA:63,0
DA:64,0
DA:67,0
DA:69,0
DA:70,0
DA:71,0
DA:72,0
DA:73,0
DA:74,0
DA:75,0
DA:76,0
DA:77,0
DA:79,0
DA:84,0
DA:85,0
DA:86,0
DA:87,0
DA:89,0
DA:90,0
DA:91,0
DA:92,0
DA:93,0
DA:95,0
DA:96,0
DA:97,0
DA:100,0
DA:107,0
DA:108,0
DA:109,0
DA:112,0
DA:113,0
DA:114,0
DA:115,0
DA:118,0
DA:119,0
DA:121,0
DA:123,0
DA:131,0
DA:132,0
DA:133,0
DA:137,0
DA:139,0
DA:140,0
DA:151,0
DA:152,0
DA:153,0
DA:155,0
DA:156,0
LF:75
LH:1
end_of_record
SF:lib/presentation/ui/routes_map/routes_map.dart
DA:11,0
DA:13,0
DA:15,0
DA:16,0
DA:17,0
DA:19,0
DA:20,0
DA:21,0
DA:22,0
DA:23,0
DA:27,0
DA:28,0
DA:29,0
DA:31,0
DA:33,0
DA:35,0
DA:36,0
DA:37,0
DA:39,0
DA:40,0
DA:42,0
DA:44,0
DA:45,0
DA:49,0
DA:50,0
DA:53,0
DA:55,0
DA:60,0
DA:62,0
DA:63,0
DA:66,0
DA:67,0
DA:68,0
DA:70,0
DA:72,0
DA:74,0
DA:79,0
DA:80,0
DA:83,0
DA:84,0
DA:88,0
DA:89,0
DA:93,0
DA:94,0
DA:95,0
DA:98,0
DA:99,0
DA:100,0
DA:101,0
DA:110,0
DA:111,0
DA:112,0
DA:113,0
DA:115,0
DA:116,0
DA:118,0
DA:120,0
DA:121,0
DA:125,0
LF:59
LH:0
end_of_record
SF:lib/presentation/ui/splash_screen/splash_screen_view.dart
DA:7,1
DA:9,0
DA:11,0
DA:12,0
DA:16,0
DA:17,0
DA:19,0
DA:20,0
DA:22,0
LF:9
LH:1
end_of_record
SF:lib/presentation/ui/view_credit_line_request_wholesaler/view_credit_line_request_wholesaler_view.dart
DA:15,0
DA:17,0
DA:18,0
DA:19,0
DA:20,0
DA:22,0
DA:23,0
DA:24,0
DA:25,0
DA:26,0
DA:28,0
DA:29,0
DA:30,0
DA:31,0
DA:32,0
DA:34,0
DA:37,0
DA:38,0
DA:39,0
DA:42,0
DA:43,0
DA:44,0
DA:45,0
DA:46,0
DA:47,0
DA:48,0
DA:51,0
DA:52,0
DA:54,0
DA:55,0
DA:56,0
DA:59,0
DA:60,0
DA:62,0
DA:63,0
DA:64,0
DA:67,0
DA:68,0
DA:71,0
DA:72,0
DA:73,0
DA:76,0
DA:77,0
DA:80,0
DA:81,0
DA:82,0
DA:85,0
DA:86,0
DA:89,0
DA:90,0
DA:91,0
DA:94,0
DA:98,0
DA:102,0
DA:103,0
DA:104,0
DA:105,0
DA:108,0
DA:109,0
DA:110,0
DA:111,0
DA:112,0
DA:113,0
DA:114,0
DA:117,0
DA:118,0
DA:120,0
DA:121,0
DA:122,0
DA:125,0
DA:126,0
DA:129,0
DA:130,0
DA:131,0
DA:134,0
DA:135,0
DA:138,0
DA:139,0
DA:140,0
DA:143,0
DA:144,0
DA:147,0
DA:148,0
DA:149,0
DA:152,0
DA:153,0
DA:156,0
DA:157,0
DA:158,0
DA:161,0
DA:165,0
LF:91
LH:0
end_of_record
SF:lib/presentation/ui/add_association_request_screen/add_association_request_screen_view.dart
DA:19,1
DA:21,0
DA:23,0
DA:24,0
DA:25,0
DA:28,0
DA:29,0
DA:30,0
DA:31,0
DA:32,0
DA:35,0
DA:36,0
DA:39,0
DA:40,0
DA:42,0
DA:43,0
DA:44,0
DA:45,0
DA:46,0
DA:47,0
DA:48,0
DA:50,0
DA:51,0
DA:55,0
DA:56,0
DA:58,0
DA:59,0
DA:60,0
DA:62,0
DA:63,0
DA:64,0
DA:65,0
DA:66,0
DA:67,0
DA:70,0
DA:71,0
DA:72,0
DA:73,0
DA:74,0
DA:81,0
DA:82,0
DA:85,0
DA:86,0
DA:87,0
DA:91,0
DA:92,0
DA:93,0
DA:94,0
DA:98,0
DA:100,0
DA:101,0
DA:102,0
DA:104,0
DA:105,0
DA:106,0
DA:108,0
DA:110,0
DA:111,0
DA:112,0
DA:113,0
DA:115,0
DA:116,0
DA:117,0
DA:119,0
DA:124,0
DA:133,0
DA:134,0
DA:135,0
DA:136,0
DA:137,0
DA:139,0
DA:140,0
DA:141,0
DA:142,0
DA:143,0
DA:147,0
DA:148,0
DA:149,0
DA:150,0
DA:152,0
DA:154,0
DA:155,0
DA:156,0
DA:158,0
DA:159,0
DA:160,0
DA:161,0
DA:166,0
DA:168,0
DA:169,0
DA:170,0
DA:171,0
DA:172,0
DA:176,0
DA:177,0
DA:178,0
DA:179,0
DA:190,0
DA:192,0
DA:199,0
DA:200,0
DA:201,0
DA:202,0
DA:203,0
DA:205,0
DA:206,0
DA:207,0
DA:208,0
DA:209,0
DA:213,0
DA:214,0
DA:215,0
DA:216,0
DA:217,0
DA:218,0
DA:220,0
DA:222,0
DA:224,0
DA:225,0
DA:227,0
DA:228,0
DA:229,0
DA:230,0
DA:235,0
DA:237,0
DA:238,0
DA:239,0
DA:240,0
DA:241,0
DA:245,0
DA:246,0
DA:247,0
DA:248,0
DA:259,0
DA:263,0
DA:270,0
DA:271,0
DA:274,0
DA:275,0
DA:276,0
DA:277,0
DA:278,0
DA:279,0
DA:280,0
DA:284,0
DA:285,0
DA:287,0
DA:290,0
LF:148
LH:1
end_of_record
SF:lib/presentation/ui/add_edit_users/add_edit_users_view.dart
DA:25,1
DA:27,0
DA:29,0
DA:30,0
DA:31,0
DA:32,0
DA:33,0
DA:37,0
DA:38,0
DA:39,0
DA:40,0
DA:44,0
DA:45,0
DA:46,0
DA:47,0
DA:48,0
DA:49,0
DA:50,0
DA:51,0
DA:56,0
DA:57,0
DA:58,0
DA:59,0
DA:64,0
DA:67,0
DA:68,0
DA:70,0
DA:71,0
DA:72,0
DA:74,0
DA:75,0
DA:77,0
DA:78,0
DA:79,0
DA:82,0
DA:83,0
DA:85,0
DA:86,0
DA:87,0
DA:89,0
DA:90,0
DA:92,0
DA:93,0
DA:94,0
DA:97,0
DA:98,0
DA:99,0
DA:100,0
DA:101,0
DA:102,0
DA:103,0
DA:105,0
DA:106,0
DA:107,0
DA:110,0
DA:111,0
DA:113,0
DA:114,0
DA:115,0
DA:116,0
DA:117,0
DA:118,0
DA:119,0
DA:120,0
DA:122,0
DA:124,0
DA:125,0
DA:126,0
DA:129,0
DA:130,0
DA:131,0
DA:134,0
DA:135,0
DA:136,0
DA:137,0
DA:138,0
DA:140,0
DA:141,0
DA:143,0
DA:144,0
DA:145,0
DA:148,0
DA:149,0
DA:151,0
DA:152,0
DA:153,0
DA:154,0
DA:155,0
DA:156,0
DA:158,0
DA:160,0
DA:161,0
DA:162,0
DA:164,0
DA:165,0
DA:167,0
DA:168,0
DA:169,0
DA:170,0
DA:171,0
DA:172,0
DA:173,0
DA:178,0
DA:179,0
DA:180,0
DA:181,0
DA:182,0
DA:183,0
DA:184,0
DA:188,0
DA:189,0
DA:190,0
DA:193,0
DA:194,0
DA:195,0
DA:196,0
DA:197,0
DA:198,0
DA:201,0
DA:202,0
DA:204,0
DA:210,0
DA:211,0
DA:213,0
DA:214,0
DA:215,0
DA:216,0
DA:217,0
DA:218,0
DA:220,0
DA:222,0
DA:223,0
DA:224,0
DA:226,0
DA:227,0
DA:229,0
DA:230,0
DA:232,0
DA:233,0
DA:234,0
DA:236,0
DA:237,0
DA:242,0
DA:243,0
DA:244,0
DA:245,0
DA:246,0
DA:248,0
DA:252,0
DA:253,0
DA:254,0
DA:257,0
DA:258,0
DA:259,0
DA:260,0
DA:261,0
DA:262,0
DA:265,0
DA:266,0
DA:268,0
DA:274,0
DA:275,0
DA:277,0
DA:279,0
DA:280,0
DA:281,0
DA:282,0
DA:284,0
DA:286,0
DA:287,0
DA:288,0
DA:291,0
DA:292,0
DA:294,0
DA:295,0
DA:296,0
DA:297,0
DA:298,0
DA:300,0
LF:179
LH:1
end_of_record
SF:lib/presentation/ui/add_manage_account/add_manage_account_view.dart
DA:21,1
DA:23,0
DA:25,0
DA:26,0
DA:27,0
DA:28,0
DA:29,0
DA:30,0
DA:31,0
DA:32,0
DA:33,0
DA:35,0
DA:37,0
DA:40,0
DA:41,0
DA:42,0
DA:44,0
DA:46,0
DA:48,0
DA:49,0
DA:50,0
DA:51,0
DA:52,0
DA:55,0
DA:56,0
DA:57,0
DA:58,0
DA:59,0
DA:61,0
DA:62,0
DA:63,0
DA:64,0
DA:66,0
DA:67,0
DA:68,0
DA:70,0
DA:72,0
DA:73,0
DA:74,0
DA:75,0
DA:78,0
DA:80,0
DA:81,0
DA:83,0
DA:86,0
DA:87,0
DA:88,0
DA:89,0
DA:91,0
DA:92,0
DA:93,0
DA:94,0
DA:96,0
DA:97,0
DA:98,0
DA:99,0
DA:100,0
DA:104,0
DA:105,0
DA:107,0
DA:109,0
DA:110,0
DA:111,0
DA:112,0
DA:113,0
DA:115,0
DA:116,0
DA:117,0
DA:119,0
DA:120,0
DA:121,0
DA:122,0
DA:124,0
DA:126,0
DA:127,0
DA:128,0
DA:129,0
DA:132,0
DA:133,0
DA:134,0
DA:136,0
DA:140,0
DA:141,0
DA:144,0
DA:145,0
DA:147,0
DA:148,0
DA:149,0
DA:150,0
DA:151,0
DA:152,0
DA:156,0
DA:157,0
DA:158,0
DA:159,0
DA:161,0
DA:162,0
DA:166,0
DA:167,0
DA:168,0
DA:169,0
DA:171,0
DA:182,0
DA:183,0
DA:184,0
DA:186,0
DA:187,0
DA:188,0
DA:190,0
DA:192,0
DA:196,0
DA:197,0
DA:200,0
DA:201,0
DA:202,0
DA:205,0
DA:208,0
DA:210,0
DA:211,0
DA:212,0
DA:213,0
LF:121
LH:1
end_of_record
SF:lib/presentation/ui/add_wholesaler_screen/add_wholesaler_view.dart
DA:23,1
DA:25,0
DA:27,0
DA:28,0
DA:29,0
DA:30,0
DA:31,0
DA:34,0
DA:35,0
DA:36,0
DA:37,0
DA:39,0
DA:40,0
DA:42,0
DA:44,0
DA:45,0
DA:46,0
DA:47,0
DA:48,0
DA:49,0
DA:50,0
DA:51,0
DA:54,0
DA:55,0
DA:56,0
DA:57,0
DA:59,0
DA:60,0
DA:61,0
DA:62,0
DA:63,0
DA:64,0
DA:67,0
DA:68,0
DA:69,0
DA:71,0
DA:72,0
DA:73,0
DA:74,0
DA:75,0
DA:77,0
DA:78,0
DA:79,0
DA:83,0
DA:84,0
DA:85,0
DA:86,0
DA:87,0
DA:88,0
DA:89,0
DA:91,0
DA:92,0
DA:93,0
DA:94,0
DA:95,0
DA:96,0
DA:99,0
DA:100,0
DA:101,0
DA:104,0
DA:105,0
DA:106,0
DA:107,0
DA:109,0
DA:110,0
DA:111,0
DA:112,0
DA:114,0
DA:115,0
DA:116,0
DA:117,0
DA:119,0
DA:120,0
DA:121,0
DA:122,0
DA:124,0
DA:125,0
DA:126,0
DA:127,0
DA:128,0
DA:129,0
DA:131,0
DA:132,0
DA:133,0
DA:134,0
DA:135,0
DA:136,0
DA:137,0
DA:140,0
DA:141,0
DA:142,0
DA:145,0
DA:146,0
DA:147,0
DA:148,0
DA:150,0
DA:151,0
DA:152,0
DA:153,0
DA:155,0
DA:156,0
DA:157,0
DA:158,0
DA:160,0
DA:161,0
DA:162,0
DA:163,0
DA:164,0
DA:165,0
DA:166,0
DA:167,0
DA:169,0
DA:170,0
DA:173,0
DA:174,0
DA:175,0
DA:176,0
DA:177,0
DA:179,0
DA:181,0
DA:182,0
DA:183,0
DA:186,0
LF:123
LH:1
end_of_record
SF:lib/presentation/ui/association_request_details_screen/association_request_details_screen_view.dart
DA:30,1
DA:32,0
DA:34,0
DA:35,0
DA:37,0
DA:39,0
DA:40,0
DA:41,0
DA:42,0
DA:43,0
DA:44,0
DA:45,0
DA:46,0
DA:48,0
DA:50,0
DA:51,0
DA:57,0
DA:58,0
DA:59,0
DA:66,0
DA:67,0
DA:68,0
DA:69,0
DA:74,0
DA:75,0
DA:76,0
DA:81,0
DA:82,0
DA:83,0
DA:84,0
DA:85,0
DA:86,0
DA:89,0
DA:90,0
DA:91,0
DA:92,0
DA:93,0
DA:94,0
DA:96,0
DA:97,0
DA:99,0
DA:100,0
DA:101,0
DA:102,0
DA:104,0
DA:105,0
DA:107,0
DA:108,0
DA:109,0
DA:111,0
DA:112,0
DA:113,0
DA:115,0
DA:116,0
DA:120,0
DA:121,0
DA:123,0
DA:124,0
DA:130,0
DA:131,0
DA:133,0
DA:134,0
DA:135,0
DA:136,0
DA:138,0
DA:139,0
DA:141,0
DA:142,0
DA:143,0
DA:144,0
DA:146,0
DA:147,0
DA:148,0
DA:150,0
DA:151,0
DA:152,0
DA:157,0
DA:159,0
DA:160,0
DA:161,0
DA:163,0
DA:168,0
DA:169,0
DA:170,0
DA:175,0
DA:176,0
DA:177,0
DA:178,0
DA:180,0
DA:181,0
DA:182,0
DA:184,0
DA:185,0
DA:186,0
DA:193,0
DA:203,0
DA:208,0
DA:209,0
DA:210,0
DA:211,0
DA:212,0
DA:213,0
DA:214,0
DA:216,0
DA:217,0
DA:218,0
DA:220,0
DA:221,0
DA:223,0
DA:225,0
DA:230,0
DA:233,0
DA:234,0
DA:235,0
DA:236,0
DA:237,0
DA:238,0
DA:239,0
DA:240,0
DA:249,0
DA:250,0
DA:251,0
DA:252,0
DA:253,0
DA:254,0
DA:255,0
DA:258,0
DA:259,0
DA:260,0
DA:261,0
DA:262,0
DA:263,0
DA:264,0
DA:266,0
DA:271,0
DA:272,0
DA:273,0
DA:274,0
DA:275,0
DA:276,0
DA:278,0
DA:287,0
DA:288,0
DA:289,0
DA:292,0
DA:293,0
DA:294,0
DA:296,0
DA:297,0
DA:298,0
DA:299,0
DA:300,0
DA:301,0
DA:302,0
DA:303,0
DA:304,0
DA:305,0
DA:306,0
DA:307,0
DA:310,0
DA:311,0
DA:312,0
DA:313,0
DA:318,0
DA:320,0
DA:321,0
DA:322,0
DA:323,0
DA:324,0
DA:328,0
DA:330,0
DA:331,0
DA:332,0
DA:333,0
DA:334,0
DA:335,0
DA:336,0
DA:337,0
DA:340,0
DA:341,0
DA:344,0
DA:348,0
DA:349,0
DA:359,0
DA:360,0
DA:361,0
DA:365,0
DA:366,0
DA:367,0
DA:369,0
DA:370,0
DA:372,0
DA:373,0
DA:375,0
DA:376,0
DA:377,0
DA:378,0
DA:381,0
DA:383,0
DA:384,0
DA:385,0
DA:387,0
DA:389,0
DA:390,0
DA:391,0
DA:392,0
DA:395,0
DA:396,0
DA:397,0
DA:398,0
DA:401,0
DA:403,0
DA:404,0
DA:405,0
DA:407,0
DA:409,0
DA:410,0
DA:411,0
DA:412,0
DA:415,0
DA:416,0
DA:417,0
DA:418,0
DA:419,0
DA:421,0
DA:422,0
DA:423,0
DA:424,0
DA:426,0
DA:428,0
DA:429,0
DA:430,0
DA:431,0
DA:434,0
DA:435,0
DA:436,0
DA:437,0
DA:439,0
DA:440,0
DA:441,0
DA:442,0
DA:444,0
DA:446,0
DA:447,0
DA:448,0
DA:449,0
DA:452,0
DA:453,0
DA:454,0
DA:458,0
DA:459,0
DA:460,0
DA:464,0
DA:465,0
DA:466,0
DA:468,0
DA:469,0
DA:470,0
DA:472,0
DA:474,0
DA:475,0
DA:476,0
DA:477,0
DA:478,0
DA:479,0
DA:481,0
DA:488,0
DA:490,0
DA:492,0
DA:493,0
DA:496,0
DA:497,0
DA:498,0
DA:502,0
DA:503,0
DA:505,0
DA:509,0
DA:510,0
DA:512,0
DA:524,0
DA:525,0
DA:526,0
DA:527,0
DA:528,0
DA:532,0
DA:533,0
DA:534,0
DA:536,0
DA:537,0
DA:538,0
DA:539,0
DA:541,0
DA:542,0
DA:544,0
DA:547,0
DA:548,0
DA:549,0
DA:552,0
DA:553,0
DA:554,0
DA:555,0
DA:557,0
DA:558,0
DA:560,0
DA:561,0
DA:562,0
DA:563,0
DA:565,0
DA:567,0
DA:569,0
DA:570,0
DA:571,0
DA:572,0
DA:574,0
DA:575,0
DA:576,0
DA:577,0
DA:578,0
DA:580,0
DA:581,0
DA:583,0
DA:584,0
DA:585,0
DA:586,0
DA:589,0
DA:590,0
DA:591,0
DA:592,0
DA:594,0
DA:595,0
DA:596,0
DA:598,0
DA:599,0
DA:600,0
DA:604,0
DA:605,0
DA:606,0
DA:607,0
DA:609,0
DA:610,0
DA:611,0
DA:612,0
DA:613,0
DA:615,0
DA:617,0
DA:618,0
DA:619,0
DA:623,0
DA:628,0
LF:349
LH:1
end_of_record
SF:lib/presentation/ui/bottom_tabs/bottom_tabs_screen_view.dart
DA:21,0
DA:23,0
DA:25,0
DA:26,0
DA:27,0
DA:28,0
DA:29,0
DA:30,0
DA:31,0
DA:32,0
DA:33,0
DA:34,0
DA:35,0
DA:37,0
DA:38,0
DA:39,0
DA:40,0
DA:45,0
DA:46,0
DA:47,0
DA:49,0
DA:51,0
DA:54,0
DA:61,0
DA:62,0
DA:64,0
DA:66,0
DA:67,0
DA:68,0
DA:69,0
DA:74,0
DA:75,0
DA:76,0
DA:81,0
DA:82,0
DA:83,0
DA:85,0
DA:86,0
DA:87,0
DA:89,0
DA:92,0
DA:94,0
DA:95,0
DA:97,0
DA:98,0
DA:100,0
DA:103,0
DA:105,0
DA:106,0
DA:108,0
DA:109,0
DA:110,0
DA:111,0
DA:114,0
DA:117,0
DA:119,0
DA:120,0
DA:122,0
DA:123,0
DA:124,0
DA:125,0
DA:128,0
DA:129,0
DA:133,0
DA:134,0
DA:136,0
DA:139,0
DA:141,0
DA:142,0
LF:69
LH:0
end_of_record
SF:lib/presentation/ui/create_order/create_order_view.dart
DA:30,2
DA:32,0
DA:34,0
DA:35,0
DA:36,0
DA:37,0
DA:38,0
DA:40,0
DA:43,0
DA:44,0
DA:45,0
DA:46,0
DA:50,0
DA:51,0
DA:54,0
DA:55,0
DA:56,0
DA:57,0
DA:60,0
DA:61,0
DA:62,0
DA:63,0
DA:66,0
DA:67,0
DA:68,0
DA:69,0
DA:70,0
DA:75,0
DA:76,0
DA:77,0
DA:78,0
DA:79,0
DA:80,0
DA:81,0
DA:83,0
DA:84,0
DA:86,0
DA:87,0
DA:89,0
DA:91,0
DA:92,0
DA:94,0
DA:95,0
DA:100,0
DA:101,0
DA:103,0
DA:104,0
DA:106,0
DA:107,0
DA:112,0
DA:115,0
DA:117,0
DA:119,0
DA:120,0
DA:126,0
DA:127,0
DA:129,0
DA:130,0
DA:131,0
DA:135,0
DA:139,0
DA:140,0
DA:141,0
DA:142,0
DA:143,0
DA:145,0
DA:148,0
DA:149,0
DA:150,0
DA:152,0
DA:153,0
DA:155,0
DA:157,0
DA:158,0
DA:159,0
DA:160,0
DA:161,0
DA:162,0
DA:163,0
DA:164,0
DA:166,0
DA:167,0
DA:170,0
DA:171,0
DA:172,0
DA:176,0
DA:177,0
DA:178,0
DA:179,0
DA:180,0
DA:181,0
DA:183,0
DA:185,0
DA:187,0
DA:189,0
DA:191,0
DA:192,0
DA:193,0
DA:194,0
DA:195,0
DA:198,0
DA:199,0
DA:200,0
DA:201,0
DA:204,0
DA:207,0
DA:208,0
DA:209,0
DA:210,0
DA:215,0
DA:218,0
DA:219,0
DA:220,0
DA:221,0
DA:223,0
DA:224,0
DA:225,0
DA:226,0
DA:227,0
DA:229,0
DA:232,0
DA:234,0
DA:235,0
DA:236,0
DA:237,0
DA:238,0
DA:246,0
DA:252,0
DA:253,0
DA:254,0
DA:255,0
DA:256,0
DA:259,0
DA:260,0
DA:261,0
DA:262,0
DA:263,0
DA:264,0
DA:267,0
DA:268,0
DA:277,0
DA:278,0
DA:280,0
DA:281,0
DA:282,0
DA:283,0
DA:284,0
DA:285,0
DA:287,0
DA:288,0
DA:289,0
DA:290,0
DA:291,0
DA:292,0
DA:293,0
DA:294,0
DA:296,0
DA:297,0
DA:298,0
DA:301,0
DA:302,0
DA:305,0
DA:306,0
DA:307,0
DA:308,0
DA:309,0
DA:311,0
DA:312,0
DA:313,0
DA:315,0
DA:316,0
DA:317,0
DA:318,0
DA:321,0
DA:322,0
DA:323,0
DA:326,0
DA:328,0
DA:329,0
DA:330,0
DA:332,0
DA:333,0
DA:334,0
DA:343,0
DA:345,0
DA:346,0
DA:347,0
DA:348,0
DA:349,0
DA:350,0
DA:367,0
DA:368,0
DA:370,0
DA:371,0
DA:372,0
DA:373,0
DA:375,0
DA:376,0
DA:377,0
DA:378,0
DA:380,0
DA:381,0
DA:383,0
DA:385,0
DA:386,0
DA:387,0
DA:389,0
DA:390,0
DA:391,0
DA:393,0
DA:394,0
DA:397,0
DA:399,0
DA:400,0
DA:401,0
DA:404,0
DA:407,0
DA:408,0
DA:409,0
DA:410,0
DA:417,0
DA:418,0
DA:419,0
DA:422,0
DA:423,0
DA:424,0
DA:425,0
DA:426,0
DA:427,0
DA:430,0
DA:436,0
DA:437,0
DA:445,0
DA:446,0
DA:450,0
DA:451,0
DA:453,0
DA:455,0
DA:458,0
DA:461,0
DA:462,0
DA:463,0
DA:466,0
DA:473,0
DA:474,0
DA:475,0
DA:477,0
DA:478,0
DA:479,0
DA:483,0
DA:484,0
DA:487,0
DA:488,0
DA:494,0
DA:497,0
DA:498,0
DA:499,0
DA:501,0
DA:502,0
DA:505,0
DA:506,0
DA:508,0
DA:509,0
DA:510,0
DA:532,0
DA:534,0
DA:535,0
DA:536,0
DA:537,0
DA:539,0
DA:541,0
DA:542,0
DA:547,0
DA:548,0
DA:549,0
DA:552,0
DA:553,0
DA:555,0
DA:556,0
DA:557,0
DA:560,0
DA:562,0
DA:569,0
DA:570,0
DA:571,0
DA:572,0
DA:573,0
DA:575,0
DA:576,0
DA:577,0
DA:580,0
DA:581,0
DA:584,0
DA:586,0
DA:587,0
DA:589,0
DA:590,0
DA:593,0
DA:594,0
DA:595,0
DA:596,0
DA:597,0
DA:599,0
DA:600,0
DA:601,0
DA:603,0
DA:604,0
DA:605,0
DA:607,0
DA:608,0
DA:610,0
DA:614,0
DA:615,0
DA:616,0
DA:618,0
DA:624,0
DA:625,0
DA:626,0
DA:629,0
DA:630,0
DA:632,0
DA:635,0
DA:637,0
DA:638,0
DA:639,0
DA:640,0
DA:642,0
DA:643,0
DA:644,0
DA:645,0
DA:646,0
DA:647,0
DA:648,0
DA:649,0
DA:650,0
DA:651,0
DA:652,0
DA:653,0
DA:654,0
DA:655,0
DA:656,0
DA:657,0
DA:658,0
DA:659,0
DA:660,0
DA:661,0
DA:662,0
DA:667,0
DA:668,0
DA:669,0
DA:672,0
DA:673,0
DA:676,0
DA:678,0
DA:680,0
DA:681,0
DA:682,0
DA:683,0
DA:684,0
DA:685,0
DA:686,0
DA:687,0
DA:689,0
DA:692,0
DA:693,0
DA:694,0
DA:695,0
DA:697,0
DA:698,0
DA:699,0
DA:702,0
DA:705,0
DA:707,0
DA:709,0
DA:714,0
DA:715,0
DA:716,0
DA:719,0
DA:720,0
DA:723,0
DA:725,0
DA:727,0
DA:728,0
DA:729,0
DA:730,0
DA:731,0
DA:732,0
DA:733,0
DA:734,0
DA:736,0
DA:739,0
DA:740,0
DA:741,0
DA:742,0
DA:744,0
DA:745,0
DA:746,0
DA:749,0
DA:750,0
DA:751,0
DA:752,0
DA:754,0
DA:756,0
DA:758,0
DA:763,0
DA:764,0
DA:765,0
DA:768,0
DA:769,0
DA:771,0
DA:773,0
DA:775,0
DA:776,0
DA:777,0
DA:778,0
DA:779,0
DA:781,0
DA:784,0
DA:787,0
DA:788,0
DA:789,0
DA:790,0
DA:791,0
DA:793,0
DA:796,0
DA:799,0
DA:800,0
DA:801,0
DA:802,0
DA:803,0
DA:805,0
DA:808,0
DA:811,0
DA:812,0
DA:813,0
DA:814,0
DA:816,0
DA:817,0
DA:818,0
DA:820,0
DA:821,0
DA:822,0
DA:823,0
DA:824,0
DA:829,0
DA:830,0
DA:831,0
DA:838,0
DA:839,0
DA:841,0
DA:842,0
DA:845,0
DA:846,0
DA:847,0
DA:848,0
DA:849,0
DA:851,0
DA:852,0
DA:854,0
DA:856,0
DA:857,0
DA:858,0
DA:860,0
DA:861,0
DA:862,0
DA:864,0
DA:865,0
DA:866,0
DA:868,0
DA:869,0
DA:873,0
DA:880,0
DA:881,0
DA:883,0
DA:886,0
DA:887,0
DA:889,0
DA:890,0
LF:478
LH:1
end_of_record
SF:lib/presentation/ui/customer_creditline_details/customer_creditline_details_view.dart
DA:16,0
DA:18,0
DA:19,0
DA:20,0
DA:23,0
DA:24,0
DA:25,0
DA:26,0
DA:27,0
DA:28,0
DA:29,0
DA:31,0
DA:32,0
DA:33,0
DA:34,0
DA:36,0
DA:37,0
DA:40,0
DA:41,0
DA:43,0
DA:44,0
DA:46,0
DA:55,0
DA:56,0
DA:59,0
DA:60,0
DA:61,0
DA:62,0
DA:63,0
DA:68,0
DA:69,0
DA:70,0
DA:71,0
DA:72,0
DA:73,0
DA:74,0
DA:75,0
DA:76,0
DA:79,0
DA:80,0
DA:81,0
DA:82,0
DA:83,0
DA:86,0
DA:87,0
DA:89,0
DA:93,0
LF:47
LH:0
end_of_record
SF:lib/presentation/features_parts/static tabs_parts/tabs/customer_tabs.dart
DA:6,0
DA:8,0
DA:10,0
DA:13,0
DA:16,0
DA:20,0
DA:21,0
DA:23,0
DA:24,0
DA:25,0
DA:27,0
DA:28,0
DA:29,0
DA:30,0
DA:31,0
DA:32,0
DA:33,0
DA:34,0
DA:40,0
DA:41,0
DA:44,0
DA:46,0
LF:22
LH:0
end_of_record
SF:lib/presentation/ui/customer_details/customer_details_view.dart
DA:27,0
DA:29,0
DA:31,0
DA:32,0
DA:33,0
DA:34,0
DA:35,0
DA:38,0
DA:39,0
DA:40,0
DA:41,0
DA:42,0
DA:44,0
DA:45,0
DA:46,0
DA:47,0
DA:52,0
DA:53,0
DA:54,0
DA:57,0
DA:58,0
DA:59,0
DA:60,0
DA:61,0
DA:62,0
DA:63,0
DA:64,0
DA:65,0
DA:67,0
DA:68,0
DA:69,0
DA:71,0
DA:72,0
DA:74,0
DA:75,0
DA:76,0
DA:77,0
DA:78,0
DA:79,0
DA:80,0
DA:81,0
DA:84,0
DA:86,0
DA:87,0
DA:89,0
DA:90,0
DA:92,0
DA:103,0
DA:104,0
DA:105,0
DA:106,0
DA:107,0
DA:108,0
DA:112,0
DA:113,0
DA:114,0
DA:116,0
DA:117,0
DA:118,0
DA:120,0
DA:121,0
DA:122,0
DA:123,0
DA:126,0
DA:129,0
DA:130,0
DA:132,0
DA:133,0
DA:134,0
DA:135,0
DA:137,0
DA:139,0
DA:141,0
DA:142,0
DA:144,0
DA:145,0
DA:147,0
DA:155,0
DA:156,0
DA:159,0
DA:160,0
DA:161,0
DA:162,0
DA:163,0
DA:164,0
DA:165,0
DA:166,0
DA:167,0
DA:169,0
DA:170,0
DA:171,0
DA:173,0
DA:174,0
DA:175,0
DA:176,0
DA:179,0
DA:182,0
DA:183,0
DA:185,0
DA:186,0
DA:187,0
DA:188,0
DA:190,0
DA:193,0
DA:194,0
DA:195,0
DA:196,0
DA:197,0
DA:198,0
DA:201,0
DA:203,0
DA:205,0
DA:206,0
DA:207,0
DA:209,0
DA:211,0
DA:212,0
DA:213,0
DA:215,0
DA:217,0
DA:224,0
DA:225,0
DA:228,0
DA:229,0
DA:230,0
DA:231,0
DA:232,0
DA:233,0
DA:235,0
DA:236,0
DA:238,0
DA:239,0
DA:240,0
DA:242,0
DA:243,0
DA:244,0
DA:245,0
DA:248,0
DA:251,0
DA:252,0
DA:254,0
DA:255,0
DA:256,0
DA:257,0
DA:259,0
DA:261,0
DA:263,0
DA:265,0
DA:267,0
DA:269,0
DA:270,0
DA:271,0
DA:273,0
DA:281,0
DA:282,0
DA:283,0
DA:284,0
DA:285,0
DA:286,0
DA:287,0
DA:288,0
DA:289,0
DA:291,0
DA:292,0
DA:293,0
DA:295,0
DA:296,0
DA:297,0
DA:301,0
DA:304,0
DA:305,0
DA:307,0
DA:308,0
DA:309,0
DA:310,0
DA:311,0
DA:312,0
DA:315,0
DA:317,0
DA:318,0
DA:321,0
DA:322,0
DA:324,0
DA:325,0
DA:326,0
DA:330,0
DA:331,0
DA:332,0
DA:333,0
DA:337,0
DA:338,0
DA:339,0
DA:340,0
DA:341,0
DA:353,0
DA:354,0
DA:356,0
DA:357,0
DA:358,0
DA:359,0
DA:360,0
DA:362,0
DA:363,0
DA:364,0
DA:365,0
DA:378,0
DA:379,0
DA:380,0
DA:381,0
DA:382,0
DA:383,0
DA:384,0
DA:386,0
DA:387,0
DA:388,0
DA:392,0
DA:393,0
DA:394,0
DA:396,0
DA:397,0
DA:398,0
DA:399,0
DA:402,0
DA:403,0
DA:404,0
DA:405,0
DA:406,0
DA:407,0
DA:409,0
DA:410,0
DA:411,0
DA:412,0
DA:418,0
DA:419,0
DA:420,0
DA:424,0
DA:425,0
DA:426,0
DA:428,0
DA:429,0
DA:430,0
DA:431,0
DA:432,0
DA:433,0
DA:439,0
DA:440,0
DA:441,0
DA:445,0
DA:446,0
DA:447,0
DA:449,0
DA:450,0
DA:451,0
DA:452,0
DA:453,0
DA:454,0
DA:455,0
DA:456,0
DA:459,0
DA:460,0
DA:462,0
DA:463,0
DA:464,0
DA:465,0
DA:469,0
DA:470,0
DA:472,0
DA:473,0
DA:481,0
DA:488,0
DA:489,0
DA:490,0
DA:491,0
DA:492,0
DA:494,0
DA:495,0
DA:496,0
DA:500,0
DA:501,0
DA:502,0
DA:504,0
DA:505,0
DA:506,0
DA:508,0
DA:509,0
DA:511,0
DA:512,0
DA:514,0
DA:515,0
DA:517,0
DA:518,0
DA:520,0
DA:521,0
DA:523,0
DA:524,0
DA:526,0
DA:527,0
DA:537,0
DA:538,0
DA:539,0
DA:543,0
DA:544,0
DA:545,0
DA:547,0
DA:548,0
DA:549,0
DA:551,0
DA:552,0
DA:554,0
DA:555,0
DA:557,0
DA:558,0
DA:560,0
DA:561,0
DA:563,0
DA:564,0
DA:566,0
DA:567,0
DA:569,0
DA:570,0
DA:572,0
DA:573,0
DA:575,0
DA:577,0
DA:582,0
LF:325
LH:0
end_of_record
SF:lib/presentation/ui/customer_location_details/customer_location_details.dart
DA:16,1
DA:18,0
DA:20,0
DA:21,0
DA:22,0
DA:23,0
DA:24,0
DA:25,0
DA:26,0
DA:27,0
DA:28,0
DA:30,0
DA:31,0
DA:32,0
DA:33,0
DA:35,0
DA:36,0
DA:37,0
DA:39,0
DA:40,0
DA:41,0
DA:43,0
DA:45,0
DA:46,0
DA:47,0
DA:48,0
DA:52,0
DA:53,0
DA:54,0
DA:55,0
DA:56,0
DA:63,0
DA:64,0
DA:65,0
DA:66,0
DA:67,0
DA:68,0
DA:69,0
DA:70,0
DA:71,0
DA:72,0
DA:73,0
DA:74,0
DA:75,0
DA:76,0
DA:77,0
DA:80,0
DA:81,0
DA:82,0
DA:83,0
DA:84,0
DA:85,0
DA:86,0
DA:90,0
DA:91,0
DA:93,0
DA:94,0
DA:99,0
DA:100,0
DA:101,0
DA:112,0
DA:113,0
DA:114,0
DA:117,0
DA:118,0
DA:119,0
DA:121,0
DA:122,0
DA:124,0
DA:126,0
DA:128,0
DA:135,0
DA:136,0
DA:138,0
DA:140,0
DA:141,0
DA:142,0
DA:143,0
DA:144,0
DA:146,0
DA:147,0
DA:148,0
DA:149,0
DA:150,0
DA:151,0
DA:152,0
DA:156,0
DA:157,0
DA:159,0
DA:160,0
DA:166,0
DA:169,0
DA:170,0
DA:173,0
DA:174,0
DA:175,0
DA:177,0
DA:178,0
DA:181,0
DA:182,0
DA:183,0
DA:185,0
DA:186,0
DA:191,0
DA:192,0
DA:193,0
DA:195,0
DA:196,0
DA:205,0
DA:206,0
DA:208,0
DA:210,0
DA:212,0
DA:218,0
DA:219,0
DA:221,0
DA:223,0
DA:224,0
DA:225,0
DA:226,0
DA:227,0
DA:229,0
DA:230,0
DA:231,0
DA:232,0
DA:233,0
DA:234,0
DA:235,0
DA:239,0
DA:240,0
DA:242,0
DA:243,0
DA:249,0
DA:252,0
DA:253,0
DA:256,0
DA:257,0
DA:258,0
DA:260,0
DA:261,0
DA:264,0
DA:265,0
DA:266,0
DA:268,0
DA:269,0
DA:274,0
DA:275,0
DA:276,0
DA:278,0
DA:279,0
LF:150
LH:1
end_of_record
SF:lib/presentation/ui/customer_settlement_detail/customer_settlement_detail_view.dart
DA:18,0
DA:20,0
DA:21,0
DA:22,0
DA:24,0
DA:25,0
DA:26,0
DA:27,0
DA:28,0
DA:29,0
DA:31,0
DA:32,0
DA:33,0
DA:34,0
DA:36,0
DA:37,0
DA:38,0
DA:40,0
DA:41,0
DA:44,0
DA:45,0
DA:47,0
DA:48,0
DA:49,0
DA:50,0
DA:51,0
DA:53,0
DA:57,0
DA:58,0
DA:60,0
DA:61,0
DA:64,0
DA:70,0
DA:71,0
DA:76,0
DA:77,0
DA:80,0
DA:81,0
DA:82,0
DA:83,0
DA:88,0
DA:89,0
DA:90,0
DA:91,0
DA:92,0
DA:93,0
DA:94,0
DA:95,0
DA:96,0
DA:97,0
DA:98,0
DA:99,0
DA:100,0
DA:101,0
DA:102,0
DA:103,0
DA:106,0
DA:110,0
DA:111,0
DA:112,0
DA:114,0
DA:116,0
DA:117,0
DA:119,0
DA:120,0
DA:121,0
DA:127,0
DA:128,0
DA:129,0
DA:131,0
DA:132,0
DA:133,0
DA:134,0
DA:136,0
DA:137,0
DA:138,0
DA:139,0
DA:140,0
DA:141,0
DA:142,0
DA:143,0
DA:144,0
DA:145,0
DA:146,0
DA:147,0
DA:148,0
DA:149,0
DA:150,0
DA:151,0
DA:152,0
LF:90
LH:0
end_of_record
SF:lib/presentation/ui/lock_screen/lock_screen_view.dart
DA:17,0
DA:19,0
DA:21,0
DA:22,0
DA:23,0
DA:24,0
DA:26,0
DA:27,0
DA:28,0
DA:29,0
DA:30,0
DA:32,0
DA:33,0
DA:34,0
DA:35,0
DA:36,0
DA:37,0
DA:38,0
DA:42,0
DA:43,0
DA:44,0
DA:45,0
DA:49,0
DA:50,0
DA:52,0
DA:53,0
DA:55,0
DA:56,0
DA:57,0
DA:65,0
DA:66,0
DA:67,0
DA:68,0
DA:71,0
DA:72,0
DA:74,0
DA:75,0
DA:77,0
DA:78,0
DA:79,0
DA:82,0
DA:86,0
DA:87,0
DA:91,0
DA:92,0
DA:93,0
DA:95,0
DA:96,0
DA:98,0
DA:99,0
DA:103,0
DA:104,0
DA:105,0
DA:107,0
DA:110,0
DA:112,0
DA:114,0
DA:116,0
DA:120,0
DA:121,0
DA:123,0
DA:127,0
DA:129,0
DA:131,0
DA:134,0
DA:139,0
DA:140,0
DA:141,0
DA:143,0
DA:149,0
DA:150,0
DA:160,0
DA:162,0
DA:163,0
DA:167,0
DA:168,0
DA:169,0
DA:171,0
DA:187,0
DA:188,0
DA:190,0
DA:191,0
DA:192,0
DA:193,0
DA:194,0
DA:195,0
DA:196,0
DA:198,0
DA:199,0
DA:221,0
DA:223,0
DA:225,0
DA:226,0
LF:93
LH:0
end_of_record
SF:lib/presentation/ui/login_screen/login_screen_view.dart
DA:23,2
DA:25,0
DA:28,0
DA:29,0
DA:30,0
DA:31,0
DA:32,0
DA:33,0
DA:34,0
DA:36,0
DA:37,0
DA:38,0
DA:39,0
DA:40,0
DA:41,0
DA:50,0
DA:53,0
DA:54,0
DA:55,0
DA:56,0
DA:61,0
DA:63,0
DA:64,0
DA:65,0
DA:66,0
DA:67,0
DA:68,0
DA:69,0
DA:70,0
DA:71,0
DA:72,0
DA:73,0
DA:76,0
DA:77,0
DA:78,0
DA:79,0
DA:81,0
DA:94,0
DA:103,0
DA:106,0
DA:110,0
DA:111,0
DA:114,0
DA:115,0
DA:116,0
DA:117,0
DA:118,0
DA:120,0
DA:121,0
DA:124,0
DA:125,0
DA:127,0
DA:128,0
DA:129,0
DA:130,0
DA:133,0
DA:139,0
DA:140,0
DA:142,0
DA:146,0
DA:149,0
DA:150,0
DA:151,0
DA:156,0
DA:157,0
DA:160,0
DA:161,0
DA:162,0
DA:163,0
DA:164,0
DA:165,0
DA:166,0
DA:169,0
DA:170,0
DA:172,0
DA:173,0
DA:174,0
DA:175,0
DA:178,0
DA:182,0
DA:184,0
DA:185,0
DA:189,0
DA:190,0
DA:191,0
DA:213,0
DA:214,0
DA:215,0
DA:218,0
DA:219,0
DA:220,0
DA:225,0
DA:226,0
DA:227,0
DA:228,0
DA:229,0
DA:231,0
DA:232,0
DA:233,0
DA:235,0
DA:236,0
DA:237,0
DA:238,0
DA:240,0
DA:246,0
DA:247,0
DA:248,0
DA:255,0
DA:257,0
DA:258,0
DA:260,0
DA:261,0
DA:262,0
DA:264,0
DA:265,0
DA:266,0
DA:267,0
DA:268,0
DA:269,0
DA:270,0
DA:273,0
DA:274,0
DA:276,0
DA:277,0
DA:278,0
DA:287,0
DA:288,0
DA:289,0
DA:290,0
DA:293,0
DA:294,0
DA:295,0
DA:296,0
DA:297,0
DA:299,0
DA:300,0
DA:301,0
DA:302,0
DA:318,0
DA:319,0
DA:320,0
DA:321,0
DA:322,0
DA:328,0
DA:329,0
LF:145
LH:1
end_of_record
SF:lib/presentation/ui/order_details_screen/order_details_screen_view.dart
DA:16,1
DA:18,0
DA:20,0
DA:21,0
DA:22,0
DA:23,0
DA:24,0
DA:25,0
DA:26,0
DA:27,0
DA:28,0
DA:30,0
DA:32,0
DA:33,0
DA:34,0
DA:38,0
DA:39,0
DA:40,0
DA:41,0
DA:42,0
DA:43,0
DA:44,0
DA:49,0
DA:51,0
DA:53,0
DA:54,0
DA:55,0
DA:57,0
DA:60,0
DA:62,0
DA:63,0
DA:64,0
DA:65,0
DA:68,0
DA:69,0
DA:70,0
DA:71,0
DA:72,0
DA:73,0
DA:77,0
DA:78,0
DA:79,0
DA:82,0
DA:83,0
DA:84,0
DA:85,0
DA:86,0
DA:87,0
DA:94,0
DA:95,0
DA:96,0
DA:98,0
DA:99,0
DA:100,0
DA:102,0
DA:104,0
DA:105,0
DA:106,0
DA:111,0
DA:112,0
DA:113,0
DA:114,0
DA:115,0
DA:117,0
DA:118,0
DA:119,0
DA:124,0
DA:125,0
DA:126,0
DA:127,0
DA:129,0
DA:130,0
DA:131,0
DA:137,0
DA:142,0
DA:143,0
DA:144,0
DA:145,0
DA:150,0
DA:151,0
DA:152,0
DA:153,0
DA:154,0
DA:155,0
DA:159,0
DA:160,0
DA:165,0
DA:166,0
DA:167,0
DA:168,0
DA:169,0
DA:170,0
DA:174,0
DA:175,0
DA:176,0
DA:181,0
DA:182,0
DA:183,0
DA:184,0
DA:193,0
DA:194,0
DA:195,0
DA:196,0
DA:197,0
DA:199,0
DA:200,0
DA:201,0
DA:203,0
DA:204,0
DA:205,0
DA:206,0
DA:207,0
DA:209,0
DA:210,0
DA:211,0
DA:212,0
DA:213,0
DA:214,0
DA:215,0
DA:216,0
DA:217,0
DA:218,0
DA:219,0
DA:220,0
DA:221,0
DA:222,0
DA:223,0
DA:224,0
DA:225,0
DA:226,0
DA:227,0
DA:228,0
DA:229,0
DA:230,0
DA:231,0
DA:232,0
DA:233,0
DA:234,0
DA:235,0
DA:236,0
DA:237,0
DA:238,0
DA:239,0
DA:240,0
DA:241,0
DA:245,0
DA:246,0
DA:247,0
DA:248,0
DA:250,0
DA:252,0
DA:253,0
DA:254,0
DA:257,0
DA:258,0
DA:259,0
DA:260,0
DA:261,0
DA:266,0
DA:267,0
DA:268,0
DA:270,0
DA:272,0
DA:273,0
DA:274,0
DA:277,0
DA:278,0
DA:279,0
DA:280,0
DA:281,0
DA:286,0
LF:171
LH:1
end_of_record
SF:lib/presentation/ui/profile_image/profile_image.dart
DA:18,1
DA:20,0
DA:21,0
DA:25,0
DA:27,0
DA:34,0
DA:37,0
DA:39,0
DA:40,0
DA:41,0
DA:44,0
DA:45,0
DA:46,0
DA:51,0
DA:52,0
DA:53,0
DA:55,0
DA:56,0
DA:57,0
DA:58,0
DA:62,0
DA:64,0
DA:65,0
DA:66,0
DA:69,0
DA:70,0
DA:73,0
DA:74,0
DA:75,0
DA:76,0
DA:77,0
DA:78,0
DA:81,0
DA:82,0
DA:83,0
DA:84,0
DA:87,0
DA:89,0
DA:91,0
DA:93,0
DA:96,0
DA:99,0
DA:100,0
DA:101,0
DA:102,0
DA:105,0
DA:107,0
DA:108,0
DA:109,0
DA:116,0
DA:119,0
DA:120,0
DA:121,0
DA:125,0
DA:128,0
DA:139,0
DA:140,0
DA:146,0
DA:149,0
DA:151,0
DA:152,0
DA:153,0
DA:163,0
DA:164,0
DA:170,0
DA:172,0
DA:173,0
DA:174,0
DA:178,0
DA:179,0
LF:70
LH:1
end_of_record
SF:lib/presentation/ui/profile_screen/profile_view.dart
DA:20,1
DA:22,0
DA:24,0
DA:25,0
DA:26,0
DA:27,0
DA:28,0
DA:30,0
DA:31,0
DA:34,0
DA:35,0
DA:37,0
DA:38,0
DA:39,0
DA:40,0
DA:42,0
DA:43,0
DA:44,0
DA:47,0
DA:48,0
DA:50,0
DA:51,0
DA:53,0
DA:54,0
DA:55,0
DA:57,0
DA:58,0
DA:60,0
DA:61,0
DA:62,0
DA:65,0
DA:66,0
DA:69,0
[...]
DA:1127,0
DA:1128,0
DA:1129,0
DA:1131,0
DA:1133,0
DA:1136,0
DA:1138,0
DA:1148,0
DA:1159,0
DA:1160,0
DA:1161,0
DA:1162,0
DA:1164,0
DA:1166,0
DA:1167,0
DA:1168,0
DA:1170,0
DA:1171,0
DA:1173,0
DA:1176,0
DA:1179,0
DA:1181,0
DA:1182,0
DA:1184,0
DA:1187,0
DA:1190,0
DA:1192,0
DA:1193,0
DA:1194,0
DA:1195,0
DA:1197,0
DA:1198,0
DA:1199,0
DA:1200,0
DA:1201,0
DA:1202,0
DA:1203,0
DA:1206,0
DA:1208,0
DA:1209,0
DA:1210,0
DA:1211,0
DA:1212,0
DA:1213,0
DA:1214,0
DA:1217,0
DA:1218,0
DA:1219,0
DA:1221,0
DA:1223,0
DA:1232,0
DA:1233,0
DA:1236,0
DA:1237,0
DA:1238,0
DA:1239,0
DA:1240,0
DA:1241,0
DA:1243,0
DA:1244,0
DA:1245,0
DA:1246,0
DA:1247,0
DA:1248,0
DA:1249,0
DA:1251,0
DA:1252,0
DA:1253,0
DA:1254,0
DA:1255,0
DA:1256,0
DA:1257,0
DA:1258,0
DA:1259,0
DA:1260,0
DA:1264,0
DA:1265,0
DA:1266,0
DA:1270,0
DA:1271,0
DA:1274,0
DA:1275,0
DA:1276,0
DA:1280,0
DA:1281,0
DA:1285,0
DA:1286,0
DA:1289,0
DA:1290,0
DA:1292,0
DA:1293,0
DA:1295,0
DA:1296,0
DA:1297,0
DA:1298,0
DA:1299,0
DA:1300,0
DA:1301,0
DA:1302,0
DA:1303,0
DA:1304,0
DA:1305,0
DA:1306,0
DA:1307,0
DA:1308,0
DA:1309,0
DA:1310,0
DA:1312,0
DA:1314,0
DA:1315,0
DA:1320,0
DA:1321,0
DA:1322,0
DA:1323,0
DA:1324,0
DA:1326,0
DA:1328,0
DA:1330,0
DA:1332,0
DA:1334,0
DA:1336,0
DA:1338,0
DA:1340,0
DA:1342,0
DA:1344,0
DA:1346,0
DA:1348,0
DA:1350,0
DA:1352,0
DA:1354,0
DA:1357,0
DA:1358,0
DA:1359,0
DA:1360,0
DA:1361,0
DA:1362,0
DA:1363,0
DA:1370,0
DA:1377,0
DA:1379,0
DA:1380,0
DA:1384,0
DA:1386,0
DA:1395,0
DA:1396,0
DA:1397,0
DA:1398,0
DA:1399,0
DA:1400,0
DA:1402,0
DA:1403,0
DA:1404,0
DA:1405,0
DA:1406,0
DA:1407,0
DA:1408,0
DA:1410,0
DA:1411,0
DA:1412,0
DA:1413,0
DA:1414,0
DA:1415,0
DA:1416,0
DA:1417,0
DA:1418,0
DA:1419,0
DA:1420,0
DA:1424,0
DA:1425,0
DA:1426,0
DA:1430,0
DA:1431,0
DA:1434,0
DA:1435,0
DA:1436,0
DA:1440,0
DA:1441,0
DA:1444,0
DA:1445,0
DA:1446,0
DA:1450,0
DA:1451,0
DA:1454,0
DA:1455,0
DA:1456,0
DA:1460,0
DA:1461,0
DA:1465,0
DA:1466,0
DA:1469,0
DA:1470,0
DA:1471,0
DA:1472,0
DA:1473,0
DA:1475,0
DA:1476,0
DA:1477,0
DA:1478,0
DA:1479,0
DA:1480,0
DA:1481,0
DA:1483,0
DA:1484,0
DA:1485,0
DA:1486,0
DA:1487,0
DA:1488,0
DA:1489,0
DA:1490,0
DA:1491,0
DA:1492,0
DA:1495,0
DA:1498,0
DA:1499,0
DA:1500,0
DA:1503,0
DA:1507,0
DA:1508,0
DA:1511,0
DA:1512,0
DA:1514,0
DA:1515,0
DA:1517,0
DA:1518,0
DA:1519,0
DA:1520,0
DA:1521,0
DA:1522,0
DA:1523,0
DA:1524,0
DA:1525,0
DA:1526,0
DA:1527,0
DA:1528,0
DA:1529,0
DA:1530,0
DA:1531,0
DA:1532,0
DA:1534,0
DA:1536,0
DA:1537,0
DA:1542,0
DA:1543,0
DA:1544,0
DA:1545,0
DA:1546,0
DA:1547,0
DA:1548,0
DA:1550,0
DA:1552,0
DA:1554,0
DA:1556,0
DA:1558,0
DA:1560,0
DA:1562,0
DA:1564,0
DA:1566,0
DA:1568,0
DA:1570,0
DA:1572,0
DA:1573,0
DA:1575,0
DA:1576,0
DA:1577,0
DA:1578,0
DA:1579,0
DA:1580,0
DA:1587,0
DA:1594,0
DA:1596,0
DA:1597,0
DA:1599,0
DA:1601,0
DA:1609,0
DA:1610,0
DA:1611,0
DA:1612,0
DA:1613,0
DA:1615,0
DA:1616,0
DA:1617,0
DA:1618,0
DA:1619,0
DA:1620,0
DA:1621,0
DA:1623,0
DA:1624,0
DA:1625,0
DA:1626,0
DA:1627,0
DA:1628,0
DA:1629,0
DA:1630,0
DA:1631,0
DA:1632,0
DA:1633,0
DA:1634,0
DA:1638,0
DA:1639,0
DA:1640,0
DA:1644,0
DA:1645,0
DA:1647,0
DA:1648,0
DA:1651,0
DA:1653,0
DA:1655,0
DA:1657,0
DA:1660,0
DA:1661,0
DA:1662,0
DA:1663,0
DA:1667,0
DA:1668,0
DA:1670,0
DA:1671,0
DA:1673,0
DA:1674,0
DA:1675,0
DA:1676,0
DA:1677,0
DA:1678,0
DA:1679,0
DA:1680,0
DA:1681,0
DA:1682,0
DA:1683,0
DA:1684,0
DA:1685,0
DA:1686,0
DA:1687,0
DA:1688,0
DA:1690,0
DA:1692,0
DA:1693,0
DA:1698,0
DA:1699,0
DA:1700,0
DA:1701,0
DA:1702,0
DA:1704,0
DA:1706,0
DA:1708,0
DA:1710,0
DA:1712,0
DA:1714,0
DA:1716,0
DA:1719,0
DA:1721,0
DA:1723,0
DA:1724,0
DA:1725,0
DA:1729,0
DA:1731,0
DA:1732,0
DA:1759,0
DA:1769,0
DA:1770,0
DA:1771,0
DA:1772,0
DA:1773,0
DA:1774,0
DA:1775,0
DA:1776,0
DA:1777,0
DA:1778,0
DA:1779,0
DA:1780,0
DA:1782,0
DA:1783,0
DA:1784,0
DA:1785,0
DA:1786,0
DA:1787,0
DA:1788,0
DA:1790,0
DA:1791,0
DA:1792,0
DA:1793,0
DA:1794,0
DA:1795,0
DA:1796,0
DA:1797,0
DA:1798,0
DA:1799,0
DA:1802,0
DA:1803,0
DA:1804,0
DA:1805,0
DA:1806,0
DA:1808,0
DA:1809,0
DA:1810,0
DA:1811,0
DA:1812,0
DA:1813,0
DA:1814,0
DA:1815,0
DA:1817,0
DA:1819,0
DA:1822,0
DA:1823,0
DA:1824,0
DA:1826,0
DA:1827,0
DA:1831,0
DA:1832,0
DA:1835,0
DA:1836,0
DA:1839,0
DA:1840,0
DA:1841,0
DA:1843,0
DA:1844,0
DA:1848,0
DA:1849,0
DA:1852,0
DA:1853,0
DA:1859,0
DA:1860,0
DA:1861,0
DA:1864,0
DA:1866,0
DA:1867,0
DA:1868,0
DA:1874,0
DA:1875,0
DA:1876,0
DA:1877,0
DA:1878,0
DA:1881,0
DA:1882,0
DA:1886,0
DA:1887,0
DA:1888,0
DA:1889,0
DA:1890,0
DA:1891,0
DA:1897,0
DA:1898,0
DA:1899,0
DA:1900,0
DA:1902,0
DA:1904,0
DA:1905,0
DA:1906,0
DA:1907,0
DA:1908,0
DA:1909,0
DA:1910,0
DA:1911,0
DA:1912,0
DA:1913,0
DA:1914,0
DA:1918,0
DA:1919,0
DA:1920,0
DA:1921,0
DA:1922,0
DA:1926,0
DA:1929,0
DA:1938,0
DA:1939,0
DA:1940,0
DA:1943,0
DA:1944,0
DA:1945,0
DA:1948,0
DA:1949,0
DA:1950,0
DA:1951,0
DA:1952,0
DA:1953,0
DA:1954,0
DA:1955,0
DA:1957,0
DA:1960,0
DA:1961,0
DA:1962,0
DA:1963,0
DA:1964,0
DA:1966,0
DA:1967,0
DA:1968,0
DA:1969,0
DA:1970,0
DA:1971,0
DA:1974,0
DA:1975,0
DA:1976,0
DA:1978,0
DA:1979,0
DA:1980,0
DA:1983,0
DA:1984,0
DA:1985,0
DA:1988,0
DA:1989,0
DA:1990,0
DA:1992,0
DA:1994,0
DA:1995,0
DA:1996,0
DA:2000,0
DA:2001,0
DA:2002,0
DA:2003,0
DA:2004,0
DA:2005,0
DA:2008,0
DA:2009,0
DA:2010,0
DA:2011,0
DA:2013,0
DA:2016,0
DA:2021,0
DA:2022,0
DA:2023,0
DA:2024,0
DA:2025,0
DA:2026,0
DA:2027,0
DA:2029,0
DA:2030,0
DA:2031,0
DA:2032,0
DA:2036,0
DA:2037,0
DA:2044,0
DA:2045,0
DA:2046,0
DA:2047,0
DA:2049,0
DA:2051,0
DA:2052,0
DA:2053,0
DA:2054,0
DA:2055,0
DA:2056,0
DA:2057,0
DA:2061,0
DA:2062,0
DA:2063,0
DA:2067,0
DA:2068,0
DA:2070,0
DA:2071,0
DA:2072,0
DA:2073,0
DA:2074,0
DA:2078,0
DA:2079,0
DA:2081,0
DA:2083,0
DA:2084,0
DA:2085,0
DA:2086,0
DA:2090,0
DA:2091,0
DA:2093,0
DA:2096,0
DA:2105,0
DA:2106,0
DA:2107,0
DA:2110,0
DA:2111,0
DA:2112,0
DA:2115,0
DA:2116,0
DA:2117,0
DA:2118,0
DA:2119,0
DA:2120,0
DA:2121,0
DA:2122,0
DA:2124,0
DA:2127,0
DA:2128,0
DA:2129,0
DA:2131,0
DA:2132,0
DA:2135,0
DA:2136,0
DA:2137,0
DA:2138,0
DA:2139,0
DA:2140,0
DA:2143,0
DA:2144,0
DA:2145,0
DA:2148,0
DA:2149,0
DA:2150,0
DA:2152,0
DA:2154,0
DA:2155,0
DA:2156,0
DA:2160,0
DA:2161,0
DA:2162,0
DA:2163,0
DA:2164,0
DA:2165,0
DA:2168,0
DA:2169,0
DA:2170,0
DA:2171,0
DA:2173,0
DA:2176,0
DA:2181,0
DA:2182,0
DA:2183,0
DA:2185,0
DA:2186,0
DA:2190,0
DA:2191,0
DA:2198,0
DA:2199,0
DA:2200,0
DA:2201,0
DA:2203,0
DA:2205,0
DA:2206,0
DA:2207,0
DA:2208,0
DA:2209,0
DA:2213,0
DA:2214,0
DA:2215,0
DA:2219,0
DA:2220,0
DA:2222,0
DA:2223,0
DA:2224,0
DA:2225,0
DA:2226,0
DA:2230,0
DA:2231,0
DA:2233,0
DA:2235,0
DA:2236,0
DA:2237,0
DA:2238,0
DA:2242,0
DA:2243,0
DA:2245,0
DA:2248,0
DA:2257,0
DA:2258,0
DA:2259,0
DA:2262,0
DA:2263,0
DA:2264,0
DA:2267,0
DA:2268,0
DA:2269,0
DA:2270,0
DA:2271,0
DA:2272,0
DA:2273,0
DA:2274,0
DA:2276,0
DA:2279,0
DA:2280,0
DA:2281,0
DA:2283,0
DA:2284,0
DA:2287,0
DA:2288,0
DA:2289,0
DA:2290,0
DA:2291,0
DA:2292,0
DA:2295,0
DA:2296,0
DA:2297,0
DA:2300,0
DA:2301,0
DA:2302,0
DA:2304,0
DA:2306,0
DA:2307,0
DA:2308,0
DA:2312,0
DA:2313,0
DA:2314,0
DA:2315,0
DA:2316,0
DA:2317,0
DA:2320,0
DA:2321,0
DA:2322,0
DA:2323,0
DA:2325,0
DA:2328,0
DA:2333,0
DA:2334,0
DA:2335,0
DA:2337,0
DA:2338,0
DA:2342,0
DA:2343,0
DA:2350,0
DA:2351,0
DA:2352,0
DA:2353,0
DA:2355,0
DA:2357,0
DA:2358,0
DA:2359,0
DA:2360,0
DA:2361,0
DA:2365,0
DA:2366,0
DA:2367,0
DA:2371,0
DA:2372,0
DA:2374,0
DA:2375,0
DA:2376,0
DA:2377,0
DA:2378,0
DA:2382,0
DA:2383,0
DA:2385,0
DA:2387,0
DA:2388,0
DA:2389,0
DA:2390,0
DA:2394,0
DA:2395,0
DA:2397,0
DA:2400,0
DA:2409,0
DA:2410,0
DA:2411,0
DA:2414,0
DA:2415,0
DA:2416,0
DA:2419,0
DA:2420,0
DA:2421,0
DA:2422,0
DA:2423,0
DA:2424,0
DA:2425,0
DA:2426,0
DA:2428,0
DA:2431,0
DA:2432,0
DA:2433,0
DA:2435,0
DA:2436,0
DA:2439,0
DA:2440,0
DA:2441,0
DA:2442,0
DA:2443,0
DA:2444,0
DA:2447,0
DA:2448,0
DA:2449,0
DA:2452,0
DA:2453,0
DA:2454,0
DA:2456,0
DA:2458,0
DA:2459,0
DA:2460,0
DA:2464,0
DA:2465,0
DA:2466,0
DA:2467,0
DA:2468,0
DA:2469,0
DA:2472,0
DA:2473,0
DA:2474,0
DA:2475,0
DA:2477,0
DA:2480,0
DA:2485,0
DA:2486,0
DA:2487,0
DA:2489,0
DA:2490,0
DA:2494,0
DA:2495,0
DA:2502,0
DA:2503,0
DA:2504,0
DA:2505,0
DA:2507,0
DA:2509,0
DA:2510,0
DA:2511,0
DA:2512,0
DA:2513,0
DA:2517,0
DA:2518,0
DA:2519,0
DA:2523,0
DA:2524,0
DA:2525,0
DA:2526,0
DA:2527,0
DA:2529,0
DA:2530,0
DA:2531,0
DA:2532,0
DA:2535,0
DA:2544,0
DA:2545,0
DA:2546,0
DA:2551,0
DA:2552,0
DA:2553,0
DA:2554,0
DA:2555,0
DA:2556,0
DA:2557,0
DA:2558,0
DA:2560,0
DA:2564,0
DA:2565,0
DA:2569,0
DA:2570,0
DA:2572,0
DA:2573,0
DA:2577,0
DA:2578,0
DA:2581,0
DA:2582,0
DA:2583,0
DA:2584,0
DA:2586,0
DA:2588,0
DA:2589,0
DA:2591,0
DA:2592,0
DA:2594,0
DA:2595,0
DA:2597,0
DA:2599,0
DA:2601,0
DA:2610,0
DA:2611,0
DA:2612,0
DA:2615,0
DA:2619,0
DA:2620,0
DA:2623,0
DA:2624,0
DA:2625,0
DA:2626,0
DA:2627,0
DA:2628,0
DA:2630,0
DA:2631,0
DA:2632,0
DA:2633,0
DA:2634,0
DA:2635,0
DA:2636,0
DA:2638,0
DA:2639,0
DA:2640,0
DA:2641,0
DA:2642,0
DA:2643,0
DA:2644,0
DA:2645,0
DA:2646,0
DA:2647,0
DA:2651,0
DA:2652,0
DA:2653,0
DA:2657,0
DA:2658,0
DA:2661,0
DA:2662,0
DA:2663,0
DA:2667,0
DA:2668,0
DA:2671,0
DA:2672,0
DA:2673,0
DA:2676,0
DA:2679,0
DA:2680,0
DA:2681,0
DA:2684,0
DA:2687,0
DA:2688,0
DA:2689,0
DA:2692,0
DA:2693,0
DA:2694,0
DA:2695,0
DA:2696,0
DA:2697,0
DA:2698,0
DA:2699,0
DA:2701,0
DA:2702,0
DA:2703,0
DA:2704,0
DA:2918,0
DA:2919,0
DA:2920,0
DA:2921,0
DA:2923,0
DA:2933,0
DA:2934,0
DA:2937,0
DA:2938,0
DA:2939,0
DA:2940,0
DA:2941,0
DA:2943,0
DA:2944,0
DA:2945,0
DA:2946,0
DA:2947,0
DA:2948,0
DA:2949,0
DA:2951,0
DA:2952,0
DA:2953,0
DA:2954,0
DA:2955,0
DA:2956,0
DA:2957,0
DA:2958,0
DA:2959,0
DA:2960,0
DA:2963,0
DA:2964,0
DA:2967,0
DA:2968,0
DA:2969,0
DA:2972,0
DA:2974,0
DA:2975,0
DA:2980,0
DA:2981,0
DA:2986,0
DA:2987,0
DA:2988,0
DA:2990,0
DA:2991,0
DA:2992,0
DA:2993,0
DA:2994,0
DA:2995,0
DA:2996,0
DA:2998,0
DA:2999,0
DA:3001,0
DA:3002,0
DA:3003,0
DA:3007,0
DA:3009,0
DA:3010,0
DA:3011,0
DA:3012,0
LF:1546
LH:0
end_of_record
SF:lib/presentation/widgets/web_widgets/html_editor_enhanced/utils/callbacks.dart
DA:7,0
LF:1
LH:0
end_of_record
SF:lib/presentation/widgets/web_widgets/html_editor_enhanced/utils/toolbar.dart
DA:9,1
DA:19,1
DA:30,1
DA:47,1
DA:57,0
DA:58,0
DA:59,0
DA:60,0
DA:65,0
DA:66,0
DA:71,0
DA:72,0
DA:77,0
DA:81,0
DA:82,0
DA:83,0
DA:84,0
DA:89,0
DA:90,0
DA:100,1
DA:105,0
DA:106,0
DA:107,0
DA:108,0
DA:119,1
DA:125,0
DA:126,0
DA:127,0
DA:128,0
DA:133,0
DA:134,0
DA:155,1
DA:167,0
DA:168,0
DA:169,0
DA:170,0
DA:175,0
DA:176,0
DA:181,0
DA:182,0
DA:187,0
DA:188,0
DA:196,0
DA:197,0
DA:198,0
DA:199,0
DA:214,1
DA:224,0
DA:225,0
DA:226,0
DA:227,0
DA:232,0
DA:233,0
DA:234,0
DA:235,0
DA:236,0
DA:237,0
DA:252,0
DA:262,0
DA:263,0
DA:264,0
DA:265,0
DA:266,0
DA:267,0
DA:272,0
DA:273,0
DA:278,0
DA:282,0
DA:283,0
DA:284,0
DA:285,0
LF:71
LH:8
end_of_record
SF:lib/presentation/widgets/web_widgets/html_editor_enhanced/utils/plugins.dart
DA:5,0
DA:31,0
DA:33,0
DA:35,0
DA:40,0
DA:45,0
DA:47,0
DA:49,0
DA:51,0
LF:9
LH:0
end_of_record
SF:lib/presentation/widgets/web_widgets/html_editor_enhanced/utils/file_upload_model.dart
DA:4,0
DA:5,0
DA:16,0
DA:47,0
DA:48,0
DA:49,0
DA:51,0
DA:52,0
DA:54,0
DA:55,0
DA:56,0
DA:57,0
LF:12
LH:0
end_of_record
SF:lib/presentation/widgets/web_widgets/html_editor_enhanced/utils/utils.dart
DA:12,0
DA:15,0
DA:22,0
DA:23,0
DA:24,0
DA:25,0
DA:26,0
DA:28,0
DA:37,0
DA:38,0
DA:39,0
DA:40,0
DA:65,0
DA:98,0
DA:101,0
DA:110,0
DA:112,0
DA:115,0
DA:116,0
DA:117,0
DA:118,0
DA:119,0
DA:120,0
DA:121,0
DA:122,0
DA:124,0
DA:125,0
DA:126,0
DA:129,0
DA:130,0
DA:136,0
DA:137,0
DA:139,0
DA:140,0
DA:142,0
DA:167,0
DA:173,0
DA:175,0
DA:176,0
DA:177,0
DA:178,0
DA:187,0
DA:189,0
DA:190,0
DA:191,0
DA:192,0
DA:196,0
DA:197,0
DA:198,0
DA:199,0
DA:202,0
DA:203,0
DA:205,0
DA:208,0
DA:210,0
DA:211,0
DA:212,0
DA:213,0
DA:218,0
DA:225,0
DA:233,0
DA:235,0
DA:240,0
DA:242,0
DA:243,0
DA:246,0
DA:252,0
DA:253,0
DA:254,0
DA:255,0
DA:257,0
DA:258,0
DA:265,0
DA:266,0
DA:268,0
DA:270,0
DA:271,0
DA:272,0
DA:276,0
DA:277,0
DA:278,0
DA:280,0
DA:284,0
DA:287,0
DA:288,0
DA:289,0
DA:290,0
DA:292,0
DA:293,0
DA:294,0
DA:295,0
DA:297,0
DA:299,0
DA:300,0
DA:301,0
DA:302,0
DA:303,0
DA:304,0
DA:305,0
DA:310,0
DA:311,0
DA:320,0
DA:327,0
DA:335,0
DA:336,0
DA:343,0
DA:345,0
DA:346,0
DA:347,0
DA:351,0
DA:352,0
DA:358,0
DA:360,0
DA:361,0
DA:362,0
DA:363,0
DA:364,0
DA:365,0
DA:366,0
DA:367,0
DA:368,0
DA:369,0
DA:374,0
DA:375,0
DA:376,0
DA:377,0
DA:378,0
DA:379,0
DA:380,0
DA:381,0
DA:382,0
DA:384,0
DA:388,0
DA:389,0
DA:391,0
DA:392,0
DA:393,0
DA:396,0
DA:398,0
DA:399,0
DA:400,0
DA:402,0
DA:418,0
DA:428,0
DA:430,0
DA:431,0
DA:432,0
DA:434,0
DA:435,0
DA:443,0
DA:446,0
DA:448,0
DA:449,0
DA:450,0
DA:451,0
DA:452,0
DA:455,0
DA:456,0
DA:458,0
DA:459,0
DA:460,0
DA:462,0
DA:463,0
DA:467,0
DA:470,0
DA:472,0
DA:473,0
DA:479,0
DA:483,0
DA:485,0
DA:488,0
DA:489,0
DA:493,0
DA:501,0
DA:514,0
DA:515,0
DA:532,0
DA:535,0
DA:538,0
DA:544,0
DA:547,0
DA:548,0
DA:549,0
DA:552,0
DA:553,0
DA:554,0
DA:555,0
DA:556,0
DA:557,0
DA:558,0
DA:559,0
DA:565,0
DA:566,0
DA:567,0
DA:571,0
DA:572,0
DA:573,0
DA:574,0
DA:575,0
DA:576,0
DA:577,0
DA:582,0
DA:584,0
DA:585,0
DA:586,0
DA:587,0
DA:589,0
DA:590,0
DA:592,0
DA:593,0
DA:594,0
DA:595,0
DA:598,0
DA:600,0
DA:601,0
DA:602,0
DA:603,0
DA:604,0
DA:606,0
DA:607,0
DA:610,0
DA:611,0
DA:612,0
DA:616,0
DA:617,0
DA:618,0
DA:621,0
DA:626,0
DA:638,0
DA:651,0
DA:653,0
DA:654,0
DA:656,0
DA:657,0
DA:658,0
DA:661,0
DA:662,0
DA:663,0
DA:664,0
DA:665,0
DA:666,0
DA:667,0
DA:670,0
DA:676,0
DA:677,0
DA:678,0
DA:679,0
DA:680,0
DA:681,0
DA:684,0
DA:693,0
DA:697,0
DA:702,0
DA:704,0
DA:707,0
DA:710,0
DA:715,0
DA:719,0
DA:721,0
DA:722,0
DA:727,0
DA:730,0
DA:734,0
DA:736,0
DA:739,0
DA:745,0
DA:750,0
DA:757,0
DA:760,0
DA:762,0
DA:763,0
DA:768,0
DA:773,0
DA:799,0
DA:800,0
DA:802,0
DA:803,0
DA:804,0
DA:805,0
DA:811,0
DA:812,0
DA:838,0
DA:839,0
DA:848,0
DA:853,0
DA:854,0
DA:857,0
DA:859,0
DA:860,0
DA:861,0
DA:862,0
DA:864,0
DA:865,0
DA:866,0
DA:868,0
DA:869,0
DA:872,0
DA:873,0
DA:874,0
DA:875,0
DA:878,0
DA:880,0
DA:881,0
DA:882,0
DA:883,0
DA:884,0
DA:885,0
DA:886,0
DA:889,0
DA:890,0
DA:891,0
DA:892,0
DA:895,0
DA:896,0
DA:897,0
DA:898,0
DA:903,0
DA:904,0
DA:907,0
DA:908,0
DA:912,0
DA:914,0
DA:915,0
DA:916,0
DA:917,0
DA:918,0
DA:920,0
DA:921,0
DA:923,0
DA:926,0
DA:927,0
DA:928,0
DA:929,0
DA:930,0
DA:931,0
DA:932,0
DA:933,0
DA:934,0
DA:938,0
DA:939,0
DA:940,0
DA:941,0
DA:943,0
DA:944,0
DA:945,0
DA:951,0
DA:952,0
DA:954,0
DA:955,0
DA:956,0
DA:960,0
DA:961,0
DA:962,0
DA:963,0
DA:964,0
DA:965,0
DA:969,0
DA:974,0
DA:975,0
DA:976,0
DA:977,0
DA:978,0
DA:979,0
DA:981,0
DA:983,0
DA:984,0
DA:985,0
DA:986,0
DA:988,0
DA:989,0
DA:990,0
DA:991,0
DA:992,0
DA:993,0
DA:994,0
DA:998,0
DA:999,0
DA:1000,0
DA:1001,0
DA:1004,0
DA:1007,0
DA:1010,0
DA:1011,0
DA:1012,0
DA:1013,0
DA:1016,0
DA:1017,0
DA:1018,0
DA:1019,0
DA:1022,0
DA:1023,0
DA:1024,0
DA:1025,0
DA:1029,0
DA:1030,0
DA:1033,0
DA:1034,0
DA:1035,0
DA:1036,0
DA:1042,0
DA:1043,0
DA:1044,0
DA:1045,0
DA:1047,0
DA:1048,0
DA:1050,0
DA:1051,0
DA:1058,0
DA:1059,0
DA:1060,0
DA:1062,0
DA:1063,0
DA:1067,0
DA:1069,0
DA:1070,0
DA:1071,0
DA:1072,0
DA:1073,0
DA:1074,0
DA:1075,0
DA:1078,0
DA:1079,0
DA:1080,0
DA:1083,0
DA:1085,0
DA:1086,0
DA:1087,0
DA:1090,0
DA:1091,0
DA:1092,0
DA:1093,0
DA:1100,0
DA:1105,0
DA:1106,0
DA:1108,0
DA:1109,0
DA:1111,0
DA:1113,0
DA:1114,0
DA:1115,0
DA:1116,0
DA:1118,0
DA:1119,0
DA:1125,0
DA:1126,0
DA:1127,0
DA:1128,0
DA:1129,0
DA:1130,0
DA:1131,0
DA:1132,0
DA:1136,0
DA:1137,0
DA:1138,0
DA:1141,0
DA:1142,0
DA:1143,0
DA:1145,0
DA:1146,0
DA:1147,0
DA:1148,0
DA:1149,0
DA:1151,0
DA:1158,0
DA:1159,0
DA:1160,0
DA:1161,0
DA:1163,0
DA:1167,0
DA:1168,0
DA:1184,0
DA:1186,0
DA:1187,0
DA:1188,0
DA:1189,0
DA:1190,0
DA:1191,0
DA:1192,0
DA:1193,0
LF:479
LH:0
end_of_record
SF:lib/presentation/widgets/web_widgets/html_editor_enhanced/src/html_editor_mobile.dart
DA:9,0
DA:17,0
DA:39,0
DA:42,0
DA:43,0
DA:44,0
DA:45,0
DA:46,0
DA:47,0
DA:48,0
DA:49,0
DA:52,0
LF:12
LH:0
end_of_record
SF:lib/presentation/widgets/web_widgets/html_editor_enhanced/src/html_editor_controller_unsupported.dart
DA:6,0
DA:40,0
DA:45,0
DA:46,0
DA:50,0
DA:54,0
DA:55,0
DA:59,0
DA:60,0
DA:65,0
DA:68,0
DA:73,0
DA:76,0
DA:79,0
DA:82,0
DA:86,0
DA:88,0
DA:91,0
DA:99,0
DA:100,0
DA:104,0
DA:107,0
DA:110,0
DA:114,0
DA:118,0
DA:121,0
DA:126,0
DA:129,0
DA:134,0
DA:137,0
DA:140,0
DA:143,0
DA:147,0
DA:150,0
DA:153,0
DA:156,0
DA:160,0
DA:164,0
DA:168,0
DA:172,0
LF:40
LH:0
end_of_record
SF:lib/presentation/widgets/web_widgets/html_editor_enhanced/src/widgets/html_editor_widget_mobile.dart
DA:18,0
DA:26,0
DA:35,0
DA:36,0
DA:67,0
DA:69,0
DA:70,0
DA:71,0
DA:72,0
DA:73,0
DA:74,0
DA:77,0
DA:79,0
DA:82,0
DA:84,0
DA:85,0
DA:89,0
DA:90,0
DA:91,0
DA:92,0
DA:94,0
DA:96,0
DA:100,0
DA:102,0
DA:103,0
DA:104,0
DA:106,0
DA:107,0
DA:108,0
DA:109,0
DA:110,0
DA:111,0
DA:112,0
DA:113,0
DA:114,0
DA:115,0
DA:118,0
DA:119,0
DA:120,0
DA:121,0
DA:122,0
DA:123,0
DA:125,0
DA:126,0
DA:127,0
DA:128,0
DA:129,0
DA:130,0
DA:131,0
DA:132,0
DA:133,0
DA:134,0
DA:135,0
DA:136,0
DA:138,0
DA:139,0
DA:140,0
DA:141,0
DA:142,0
DA:146,0
DA:147,0
DA:152,0
DA:153,0
DA:154,0
DA:158,0
DA:160,0
DA:163,0
DA:164,0
DA:165,0
DA:166,0
DA:167,0
DA:168,0
DA:170,0
DA:171,0
DA:172,0
DA:173,0
DA:179,0
DA:180,0
DA:182,0
DA:183,0
DA:184,0
DA:185,0
DA:186,0
DA:189,0
DA:190,0
DA:191,0
DA:192,0
DA:193,0
DA:194,0
DA:208,0
DA:213,0
DA:214,0
DA:215,0
DA:216,0
DA:218,0
DA:220,0
DA:221,0
DA:222,0
DA:223,0
DA:224,0
DA:227,0
DA:232,0
DA:233,0
DA:235,0
DA:241,0
DA:256,0
DA:258,0
DA:261,0
DA:262,0
DA:263,0
DA:264,0
DA:265,0
DA:266,0
DA:267,0
DA:268,0
DA:269,0
DA:271,0
DA:274,0
DA:275,0
DA:288,0
DA:290,0
DA:291,0
DA:292,0
DA:293,0
DA:294,0
DA:295,0
DA:297,0
DA:298,0
DA:300,0
DA:301,0
DA:307,0
DA:308,0
DA:309,0
DA:316,0
DA:317,0
DA:349,0
DA:350,0
DA:369,0
DA:370,0
DA:371,0
DA:373,0
DA:375,0
DA:378,0
DA:380,0
DA:448,0
DA:449,0
DA:452,0
DA:454,0
DA:455,0
DA:456,0
DA:457,0
DA:460,0
DA:461,0
DA:462,0
DA:465,0
DA:466,0
DA:467,0
DA:470,0
DA:471,0
DA:473,0
DA:474,0
DA:475,0
DA:477,0
DA:478,0
DA:479,0
DA:480,0
DA:481,0
DA:482,0
DA:487,0
DA:492,0
DA:494,0
DA:495,0
DA:496,0
DA:497,0
DA:498,0
DA:499,0
DA:503,0
DA:505,0
DA:506,0
DA:507,0
DA:510,0
DA:511,0
DA:512,0
DA:515,0
DA:516,0
DA:517,0
DA:518,0
DA:521,0
DA:522,0
DA:523,0
DA:526,0
DA:528,0
DA:529,0
DA:530,0
DA:531,0
DA:532,0
DA:535,0
DA:536,0
DA:537,0
DA:538,0
DA:545,0
DA:547,0
DA:548,0
DA:549,0
DA:550,0
DA:551,0
DA:552,0
DA:561,0
DA:562,0
DA:563,0
DA:569,0
DA:570,0
DA:576,0
DA:577,0
DA:583,0
DA:584,0
DA:590,0
DA:591,0
DA:597,0
DA:598,0
DA:604,0
DA:605,0
DA:611,0
DA:612,0
DA:618,0
DA:619,0
DA:625,0
DA:626,0
DA:632,0
DA:633,0
DA:639,0
DA:640,0
DA:646,0
DA:647,0
DA:657,0
DA:658,0
DA:659,0
DA:661,0
DA:662,0
DA:665,0
DA:666,0
DA:668,0
DA:669,0
DA:672,0
DA:673,0
DA:675,0
DA:676,0
DA:679,0
DA:680,0
DA:682,0
DA:683,0
DA:686,0
DA:687,0
DA:689,0
DA:690,0
DA:693,0
DA:694,0
DA:696,0
DA:697,0
DA:700,0
DA:701,0
DA:703,0
DA:704,0
DA:707,0
DA:708,0
DA:710,0
DA:711,0
DA:714,0
DA:715,0
DA:717,0
DA:718,0
DA:719,0
DA:722,0
DA:723,0
DA:725,0
DA:726,0
DA:727,0
DA:729,0
DA:730,0
DA:732,0
DA:736,0
DA:737,0
DA:740,0
DA:742,0
DA:748,0
DA:749,0
DA:751,0
DA:752,0
DA:755,0
DA:756,0
DA:758,0
DA:759,0
DA:762,0
DA:763,0
DA:765,0
DA:766,0
DA:769,0
DA:770,0
DA:772,0
DA:773,0
DA:776,0
DA:777,0
DA:779,0
DA:780,0
DA:783,0
DA:784,0
DA:786,0
DA:787,0
LF:308
LH:0
end_of_record
SF:lib/presentation/widgets/web_widgets/html_editor_enhanced/utils/flat_icon1.dart
DA:19,0
LF:1
LH:0
end_of_record
SF:lib/presentation/widgets/web_widgets/html_editor_enhanced/utils/flat_icon_new_icons.dart
DA:4,0
LF:1
LH:0
end_of_record
SF:lib/presentation/widgets/web_widgets/html_editor_enhanced/utils/flutter_icon.dart
DA:23,0
LF:1
LH:0
end_of_record
SF:lib/presentation/widgets/web_widgets/html_editor_enhanced/utils/shims/dart_ui_fake.dart
DA:14,0
DA:21,0
LF:2
LH:0
end_of_record
SF:lib/presentation/widgets/web_widgets/pagination/widgets/paginate_button.dart
DA:13,0
DA:22,0
DA:24,0
DA:26,0
DA:27,0
DA:28,0
DA:29,0
DA:30,0
DA:31,0
DA:32,0
DA:33,0
DA:34,0
DA:35,0
DA:36,0
DA:37,0
DA:39,0
DA:40,0
DA:41,0
DA:42,0
DA:43,0
LF:20
LH:0
end_of_record
SF:lib/presentation/widgets/web_widgets/pagination/widgets/skip_button.dart
DA:13,0
DA:19,0
DA:23,0
DA:25,0
DA:26,0
DA:27,0
DA:28,0
DA:29,0
DA:30,0
DA:31,0
DA:33,0
DA:34,0
DA:35,0
DA:36,0
DA:38,0
DA:39,0
DA:45,0
DA:46,0
DA:47,0
DA:49,0
DA:50,0
LF:21
LH:0
end_of_record
